{"C:\\Users\\HomePC\\TaskForgeProject\\task-manager-frontend\\src\\components\\TaskItem.vue": {"path":"C:\\Users\\HomePC\\TaskForgeProject\\task-manager-frontend\\src\\components\\TaskItem.vue","statementMap":{"0":{"start":{"line":3,"column":0},"end":{"line":5,"column":3}},"1":{"start":{"line":6,"column":0},"end":{"line":6,"column":28}},"2":{"start":{"line":7,"column":11},"end":{"line":7,"column":25}},"3":{"start":{"line":8,"column":15},"end":{"line":57,"column":1}},"4":{"start":{"line":18,"column":19},"end":{"line":18,"column":30}},"5":{"start":{"line":19,"column":15},"end":{"line":19,"column":24}},"6":{"start":{"line":20,"column":4},"end":{"line":20,"column":15}},"7":{"start":{"line":21,"column":16},"end":{"line":21,"column":23}},"8":{"start":{"line":22,"column":15},"end":{"line":22,"column":21}},"9":{"start":{"line":23,"column":21},"end":{"line":35,"column":5}},"10":{"start":{"line":24,"column":6},"end":{"line":24,"column":33}},"11":{"start":{"line":24,"column":23},"end":{"line":24,"column":33}},"12":{"start":{"line":25,"column":17},"end":{"line":25,"column":37}},"13":{"start":{"line":26,"column":6},"end":{"line":28,"column":7}},"14":{"start":{"line":27,"column":8},"end":{"line":27,"column":18}},"15":{"start":{"line":29,"column":20},"end":{"line":33,"column":7}},"16":{"start":{"line":34,"column":6},"end":{"line":34,"column":57}},"17":{"start":{"line":39,"column":22},"end":{"line":43,"column":6}},"18":{"start":{"line":40,"column":6},"end":{"line":42,"column":8}},"19":{"start":{"line":44,"column":23},"end":{"line":50,"column":5}},"20":{"start":{"line":51,"column":4},"end":{"line":54,"column":7}},"21":{"start":{"line":55,"column":4},"end":{"line":55,"column":24}},"22":{"start":{"line":60,"column":0},"end":{"line":62,"column":3}},"23":{"start":{"line":63,"column":0},"end":{"line":63,"column":24}},"24":{"start":{"line":64,"column":11},"end":{"line":64,"column":25}},"25":{"start":{"line":65,"column":17},"end":{"line":67,"column":1}},"26":{"start":{"line":68,"column":17},"end":{"line":70,"column":1}},"27":{"start":{"line":71,"column":17},"end":{"line":75,"column":1}},"28":{"start":{"line":76,"column":17},"end":{"line":79,"column":1}},"29":{"start":{"line":80,"column":17},"end":{"line":83,"column":1}},"30":{"start":{"line":84,"column":17},"end":{"line":86,"column":1}},"31":{"start":{"line":88,"column":2},"end":{"line":129,"column":70}},"32":{"start":{"line":110,"column":6},"end":{"line":110,"column":54}},"33":{"start":{"line":116,"column":6},"end":{"line":116,"column":54}},"34":{"start":{"line":121,"column":6},"end":{"line":121,"column":50}},"35":{"start":{"line":127,"column":6},"end":{"line":127,"column":56}},"36":{"start":{"line":130,"column":2},"end":{"line":130,"column":49}}},"fnMap":{"0":{"name":"setup","decl":{"start":{"line":17,"column":18},"end":{"line":17,"column":23}},"loc":{"start":{"line":17,"column":39},"end":{"line":56,"column":3}},"line":17},"1":{"name":"formatDate","decl":{"start":{"line":23,"column":30},"end":{"line":23,"column":40}},"loc":{"start":{"line":23,"column":53},"end":{"line":35,"column":5}},"line":23},"2":{"name":"(anonymous_2)","decl":{"start":{"line":39,"column":41},"end":{"line":39,"column":42}},"loc":{"start":{"line":39,"column":53},"end":{"line":43,"column":5}},"line":39},"3":{"name":"render","decl":{"start":{"line":87,"column":9},"end":{"line":87,"column":15}},"loc":{"start":{"line":87,"column":63},"end":{"line":130,"column":1}},"line":87},"4":{"name":"(anonymous_4)","decl":{"start":{"line":109,"column":39},"end":{"line":109,"column":40}},"loc":{"start":{"line":109,"column":57},"end":{"line":111,"column":5}},"line":109},"5":{"name":"(anonymous_5)","decl":{"start":{"line":115,"column":39},"end":{"line":115,"column":40}},"loc":{"start":{"line":115,"column":57},"end":{"line":117,"column":5}},"line":115},"6":{"name":"(anonymous_6)","decl":{"start":{"line":120,"column":39},"end":{"line":120,"column":40}},"loc":{"start":{"line":120,"column":57},"end":{"line":122,"column":5}},"line":120},"7":{"name":"(anonymous_7)","decl":{"start":{"line":126,"column":39},"end":{"line":126,"column":40}},"loc":{"start":{"line":126,"column":57},"end":{"line":128,"column":5}},"line":126}},"branchMap":{"0":{"loc":{"start":{"line":24,"column":6},"end":{"line":24,"column":33}},"type":"if","locations":[{"start":{"line":24,"column":6},"end":{"line":24,"column":33}},{"start":{},"end":{}}],"line":24},"1":{"loc":{"start":{"line":26,"column":6},"end":{"line":28,"column":7}},"type":"if","locations":[{"start":{"line":26,"column":6},"end":{"line":28,"column":7}},{"start":{},"end":{}}],"line":26},"2":{"loc":{"start":{"line":94,"column":39},"end":{"line":94,"column":217}},"type":"cond-expr","locations":[{"start":{"line":94,"column":76},"end":{"line":94,"column":143}},{"start":{"line":94,"column":146},"end":{"line":94,"column":217}}],"line":94},"3":{"loc":{"start":{"line":95,"column":258},"end":{"line":95,"column":523}},"type":"cond-expr","locations":[{"start":{"line":95,"column":285},"end":{"line":95,"column":419}},{"start":{"line":95,"column":424},"end":{"line":95,"column":522}}],"line":95},"4":{"loc":{"start":{"line":95,"column":580},"end":{"line":106,"column":207}},"type":"cond-expr","locations":[{"start":{"line":95,"column":603},"end":{"line":106,"column":161}},{"start":{"line":106,"column":165},"end":{"line":106,"column":207}}],"line":95},"5":{"loc":{"start":{"line":95,"column":675},"end":{"line":106,"column":24}},"type":"binary-expr","locations":[{"start":{"line":95,"column":675},"end":{"line":95,"column":684}},{"start":{"line":95,"column":689},"end":{"line":106,"column":23}}],"line":95},"6":{"loc":{"start":{"line":106,"column":308},"end":{"line":118,"column":23}},"type":"cond-expr","locations":[{"start":{"line":106,"column":344},"end":{"line":112,"column":23}},{"start":{"line":112,"column":28},"end":{"line":118,"column":22}}],"line":106},"7":{"loc":{"start":{"line":109,"column":13},"end":{"line":111,"column":6}},"type":"binary-expr","locations":[{"start":{"line":109,"column":13},"end":{"line":109,"column":22}},{"start":{"line":109,"column":27},"end":{"line":111,"column":5}}],"line":109},"8":{"loc":{"start":{"line":115,"column":13},"end":{"line":117,"column":6}},"type":"binary-expr","locations":[{"start":{"line":115,"column":13},"end":{"line":115,"column":22}},{"start":{"line":115,"column":27},"end":{"line":117,"column":5}}],"line":115},"9":{"loc":{"start":{"line":120,"column":13},"end":{"line":122,"column":6}},"type":"binary-expr","locations":[{"start":{"line":120,"column":13},"end":{"line":120,"column":22}},{"start":{"line":120,"column":27},"end":{"line":122,"column":5}}],"line":120},"10":{"loc":{"start":{"line":126,"column":13},"end":{"line":128,"column":6}},"type":"binary-expr","locations":[{"start":{"line":126,"column":13},"end":{"line":126,"column":22}},{"start":{"line":126,"column":27},"end":{"line":128,"column":5}}],"line":126}},"s":{"0":1,"1":1,"2":1,"3":1,"4":3,"5":3,"6":3,"7":3,"8":3,"9":3,"10":0,"11":0,"12":0,"13":0,"14":0,"15":0,"16":0,"17":3,"18":0,"19":3,"20":3,"21":3,"22":1,"23":1,"24":1,"25":1,"26":1,"27":1,"28":1,"29":1,"30":1,"31":3,"32":0,"33":0,"34":0,"35":1,"36":1},"f":{"0":3,"1":0,"2":0,"3":3,"4":0,"5":0,"6":0,"7":1},"b":{"0":[0,0],"1":[0,0],"2":[1,2],"3":[3,0],"4":[0,3],"5":[0,0],"6":[2,1],"7":[2,2],"8":[1,1],"9":[3,3],"10":[3,3]},"inputSourceMap":{"0":"{","1":"\"","2":"v","3":"e","4":"r","5":"s","6":"i","7":"o","8":"n","9":"\"","10":":","11":"3","12":",","13":"\"","14":"s","15":"o","16":"u","17":"r","18":"c","19":"e","20":"s","21":"\"","22":":","23":"[","24":"\"","25":"C","26":":","27":"/","28":"U","29":"s","30":"e","31":"r","32":"s","33":"/","34":"H","35":"o","36":"m","37":"e","38":"P","39":"C","40":"/","41":"T","42":"a","43":"s","44":"k","45":"F","46":"o","47":"r","48":"g","49":"e","50":"P","51":"r","52":"o","53":"j","54":"e","55":"c","56":"t","57":"/","58":"t","59":"a","60":"s","61":"k","62":"-","63":"m","64":"a","65":"n","66":"a","67":"g","68":"e","69":"r","70":"-","71":"f","72":"r","73":"o","74":"n","75":"t","76":"e","77":"n","78":"d","79":"/","80":"s","81":"r","82":"c","83":"/","84":"c","85":"o","86":"m","87":"p","88":"o","89":"n","90":"e","91":"n","92":"t","93":"s","94":"/","95":"T","96":"a","97":"s","98":"k","99":"I","100":"t","101":"e","102":"m","103":".","104":"v","105":"u","106":"e","107":"\"","108":"]","109":",","110":"\"","111":"n","112":"a","113":"m","114":"e","115":"s","116":"\"","117":":","118":"[","119":"]","120":",","121":"\"","122":"m","123":"a","124":"p","125":"p","126":"i","127":"n","128":"g","129":"s","130":"\"","131":":","132":"\"","133":";","134":";","135":";","136":";","137":";","138":";","139":"A","140":"A","141":"q","142":"G","143":"A","144":";","145":"A","146":"A","147":"A","148":"+","149":"B","150":";","151":";","152":";","153":";","154":";","155":";","156":";","157":";","158":";","159":";","160":";","161":";","162":";","163":"I","164":"A","165":"E","166":"/","167":"B","168":",","169":"I","170":"A","171":"A","172":"M","173":",","174":"K","175":"A","176":"A","177":"K","178":",","179":"G","180":"A","181":"A","182":"G","183":",","184":"O","185":"A","186":"K","187":"O","188":";","189":"I","190":"A","191":"E","192":"r","193":"B","194":",","195":"I","196":"A","197":"A","198":"M","199":",","200":"I","201":"A","202":"A","203":"I","204":",","205":"G","206":"A","207":"A","208":"G","209":",","210":"M","211":"A","212":"A","213":"M","214":";","215":"I","216":"A","217":"E","218":"n","219":"B","220":",","221":"I","222":"A","223":"A","224":"M","225":",","226":"U","227":"A","228":"A","229":"U","230":",","231":"G","232":"A","233":"A","234":"G","235":",","236":"S","237":"A","238":"A","239":"b","240":",","241":"U","242":"A","243":"A","244":"U","245":",","246":"C","247":"A","248":"A","249":"I","250":",","251":"U","252":"A","253":"A","254":"U","255":",","256":"E","257":"A","258":"A","259":"K","260":";","261":"M","262":"A","263":"C","264":"j","265":"C","266":",","267":"I","268":"A","269":"A","270":"I","271":",","272":"C","273":"A","274":"A","275":"C","276":",","277":"U","278":"A","279":"A","280":"U","281":",","282":"E","283":"A","284":"A","285":"E","286":",","287":"O","288":"A","289":"A","290":"O","291":",","292":"E","293":"A","294":"A","295":"E","296":";","297":"M","298":"A","299":"C","300":"1","301":"B","302":",","303":"I","304":"A","305":"A","306":"M","307":",","308":"I","309":"A","310":"A","311":"I","312":",","313":"G","314":"A","315":"A","316":"G","317":",","318":"I","319":"A","320":"A","321":"I","322":",","323":"I","324":"A","325":"A","326":"I","327":",","328":"C","329":"A","330":"A","331":"C","332":",","333":"U","334":"A","335":"A","336":"U","337":",","338":"C","339":"A","340":"A","341":"C","342":";","343":"M","344":"A","345":"C","346":"j","347":"C","348":",","349":"I","350":"A","351":"A","352":"I","353":",","354":"K","355":"A","356":"A","357":"K","358":",","359":"C","360":"A","361":"A","362":"C","363":",","364":"I","365":"A","366":"A","367":"I","368":",","369":"C","370":"A","371":"A","372":"C","373":",","374":"O","375":"A","376":"A","377":"O","378":",","379":"C","380":"A","381":"A","382":"C","383":",","384":"C","385":"A","386":"A","387":"C","388":",","389":"C","390":"A","391":"A","392":"C","393":",","394":"E","395":"A","396":"A","397":"E","398":";","399":"Q","400":"A","401":"C","402":"z","403":"B","404":",","405":"O","406":"A","407":"A","408":"O","409":",","410":"E","411":"A","412":"A","413":"E","414":";","415":"M","416":"A","417":"C","418":"X","419":";","420":"M","421":"A","422":"C","423":"A","424":",","425":"I","426":"A","427":"A","428":"M","429":",","430":"O","431":"A","432":"A","433":"O","434":",","435":"G","436":"A","437":"A","438":"G","439":";","440":"Q","441":"A","442":"A","443":"E","444":",","445":"I","446":"A","447":"A","448":"I","449":",","450":"E","451":"A","452":"A","453":"E","454":",","455":"S","456":"A","457":"A","458":"S","459":";","460":"Q","461":"A","462":"A","463":"E","464":",","465":"K","466":"A","467":"A","468":"K","469":",","470":"E","471":"A","472":"A","473":"E","474":",","475":"O","476":"A","477":"A","478":"O","479":";","480":"Q","481":"A","482":"A","483":"E","484":",","485":"G","486":"A","487":"A","488":"G","489":",","490":"E","491":"A","492":"A","493":"E","494":";","495":"M","496":"A","497":"A","498":"U","499":",","500":"C","501":"A","502":"A","503":"C","504":";","505":"M","506":"A","507":"C","508":"n","509":"E","510":",","511":"O","512":"A","513":"A","514":"O","515":",","516":"I","517":"A","518":"A","519":"I","520":",","521":"C","522":"A","523":"A","524":"C","525":",","526":"k","527":"B","528":"A","529":"A","530":"k","531":"B","532":",","533":"C","534":"A","535":"A","536":"C","537":",","538":"S","539":"A","540":"A","541":"S","542":",","543":"E","544":"A","545":"A","546":"E","547":",","548":"O","549":"A","550":"A","551":"O","552":",","553":"C","554":"A","555":"A","556":"C","557":";","558":"I","559":"A","560":"C","561":"p","562":"D","563":",","564":"C","565":"A","566":"A","567":"C","568":";","569":";","570":"I","571":"A","572":"E","573":"D","574":";","575":"I","576":"A","577":"C","578":"A","579":";","580":"I","581":"A","582":"C","583":"A","584":",","585":"I","586":"A","587":"A","588":"M","589":",","590":"W","591":"A","592":"A","593":"W","594":",","595":"G","596":"A","597":"A","598":"G","599":",","600":"i","601":"B","602":"A","603":"A","604":"Q","605":",","606":"E","607":"A","608":"A","609":"C","610":";","611":"M","612":"A","613":"A","614":"A","615":",","616":"O","617":"A","618":"A","619":"O","620":";","621":"Q","622":"A","623":"C","624":"l","625":"C","626":",","627":"6","628":"B","629":"A","630":"A","631":"6","632":"B","633":",","634":"E","635":"A","636":"A","637":"E","638":",","639":"K","640":"A","641":"A","642":"K","643":",","644":"C","645":"A","646":"A","647":"C","648":",","649":"I","650":"A","651":"A","652":"I","653":",","654":"C","655":"A","656":"A","657":"C","658":",","659":"M","660":"A","661":"A","662":"M","663":",","664":"K","665":"A","666":"A","667":"K","668":";","669":"M","670":"A","671":"C","672":"v","673":"D","674":",","675":"C","676":"A","677":"A","678":"C","679":";","680":"I","681":"A","682":"A","683":"A","684":",","685":"C","686":"A","687":"A","688":"C","689":",","690":"C","691":"A","692":"A","693":"C","694":"\"","695":",","696":"\"","697":"f","698":"i","699":"l","700":"e","701":"\"","702":":","703":"\"","704":"C","705":":","706":"\\","707":"\\","708":"U","709":"s","710":"e","711":"r","712":"s","713":"\\","714":"\\","715":"H","716":"o","717":"m","718":"e","719":"P","720":"C","721":"\\","722":"\\","723":"T","724":"a","725":"s","726":"k","727":"F","728":"o","729":"r","730":"g","731":"e","732":"P","733":"r","734":"o","735":"j","736":"e","737":"c","738":"t","739":"\\","740":"\\","741":"t","742":"a","743":"s","744":"k","745":"-","746":"m","747":"a","748":"n","749":"a","750":"g","751":"e","752":"r","753":"-","754":"f","755":"r","756":"o","757":"n","758":"t","759":"e","760":"n","761":"d","762":"\\","763":"\\","764":"s","765":"r","766":"c","767":"\\","768":"\\","769":"c","770":"o","771":"m","772":"p","773":"o","774":"n","775":"e","776":"n","777":"t","778":"s","779":"\\","780":"\\","781":"T","782":"a","783":"s","784":"k","785":"I","786":"t","787":"e","788":"m","789":".","790":"v","791":"u","792":"e","793":"\"","794":",","795":"\"","796":"s","797":"o","798":"u","799":"r","800":"c","801":"e","802":"s","803":"C","804":"o","805":"n","806":"t","807":"e","808":"n","809":"t","810":"\"","811":":","812":"[","813":"\"","814":"<","815":"!","816":"-","817":"-","818":" ","819":"s","820":"r","821":"c","822":"/","823":"c","824":"o","825":"m","826":"p","827":"o","828":"n","829":"e","830":"n","831":"t","832":"s","833":"/","834":"T","835":"a","836":"s","837":"k","838":"I","839":"t","840":"e","841":"m","842":".","843":"v","844":"u","845":"e","846":" ","847":"-","848":"-","849":">","850":"\\","851":"r","852":"\\","853":"n","854":"<","855":"t","856":"e","857":"m","858":"p","859":"l","860":"a","861":"t","862":"e","863":">","864":"\\","865":"r","866":"\\","867":"n","868":" ","869":" ","870":"<","871":"!","872":"-","873":"-","874":" ","875":"T","876":"h","877":"e","878":" ","879":":","880":"c","881":"l","882":"a","883":"s","884":"s","885":" ","886":"b","887":"i","888":"n","889":"d","890":"i","891":"n","892":"g","893":" ","894":"h","895":"e","896":"r","897":"e","898":" ","899":"i","900":"s","901":" ","902":"f","903":"o","904":"r","905":" ","906":"o","907":"v","908":"e","909":"r","910":"a","911":"l","912":"l","913":" ","914":"s","915":"t","916":"y","917":"l","918":"i","919":"n","920":"g","921":",","922":" ","923":"n","924":"o","925":"t","926":" ","927":"w","928":"h","929":"a","930":"t","931":" ","932":"t","933":"h","934":"e","935":" ","936":"t","937":"e","938":"s","939":"t","940":" ","941":"l","942":"o","943":"o","944":"k","945":"s","946":" ","947":"f","948":"o","949":"r","950":" ","951":"-","952":"-","953":">","954":"\\","955":"r","956":"\\","957":"n","958":" ","959":" ","960":"<","961":"d","962":"i","963":"v","964":"\\","965":"r","966":"\\","967":"n","968":" ","969":" ","970":" ","971":" ","972":"c","973":"l","974":"a","975":"s","976":"s","977":"=","978":"\\","979":"\"","980":"b","981":"g","982":"-","983":"w","984":"h","985":"i","986":"t","987":"e","988":" ","989":"d","990":"a","991":"r","992":"k","993":":","994":"b","995":"g","996":"-","997":"s","998":"l","999":"a","1000":"t","1001":"e","1002":"-","1003":"8","1004":"0","1005":"0","1006":" ","1007":"r","1008":"o","1009":"u","1010":"n","1011":"d","1012":"e","1013":"d","1014":"-","1015":"x","1016":"l","1017":" ","1018":"s","1019":"h","1020":"a","1021":"d","1022":"o","1023":"w","1024":"-","1025":"l","1026":"g","1027":" ","1028":"p","1029":"-","1030":"6","1031":" ","1032":"s","1033":"p","1034":"a","1035":"c","1036":"e","1037":"-","1038":"y","1039":"-","1040":"4","1041":" ","1042":"b","1043":"o","1044":"r","1045":"d","1046":"e","1047":"r","1048":" ","1049":"b","1050":"o","1051":"r","1052":"d","1053":"e","1054":"r","1055":"-","1056":"s","1057":"l","1058":"a","1059":"t","1060":"e","1061":"-","1062":"2","1063":"0","1064":"0","1065":" ","1066":"d","1067":"a","1068":"r","1069":"k","1070":":","1071":"b","1072":"o","1073":"r","1074":"d","1075":"e","1076":"r","1077":"-","1078":"s","1079":"l","1080":"a","1081":"t","1082":"e","1083":"-","1084":"7","1085":"0","1086":"0","1087":" ","1088":"t","1089":"r","1090":"a","1091":"n","1092":"s","1093":"i","1094":"t","1095":"i","1096":"o","1097":"n","1098":"-","1099":"a","1100":"l","1101":"l","1102":" ","1103":"d","1104":"u","1105":"r","1106":"a","1107":"t","1108":"i","1109":"o","1110":"n","1111":"-","1112":"3","1113":"0","1114":"0","1115":" ","1116":"e","1117":"a","1118":"s","1119":"e","1120":"-","1121":"i","1122":"n","1123":"-","1124":"o","1125":"u","1126":"t","1127":" ","1128":"h","1129":"o","1130":"v","1131":"e","1132":"r","1133":":","1134":"s","1135":"h","1136":"a","1137":"d","1138":"o","1139":"w","1140":"-","1141":"x","1142":"l","1143":" ","1144":"h","1145":"o","1146":"v","1147":"e","1148":"r","1149":":","1150":"-","1151":"t","1152":"r","1153":"a","1154":"n","1155":"s","1156":"l","1157":"a","1158":"t","1159":"e","1160":"-","1161":"y","1162":"-","1163":"1","1164":" ","1165":"f","1166":"l","1167":"e","1168":"x","1169":" ","1170":"f","1171":"l","1172":"e","1173":"x","1174":"-","1175":"c","1176":"o","1177":"l","1178":" ","1179":"h","1180":"-","1181":"f","1182":"u","1183":"l","1184":"l","1185":"\\","1186":"\"","1187":"\\","1188":"r","1189":"\\","1190":"n","1191":" ","1192":" ","1193":">","1194":"\\","1195":"r","1196":"\\","1197":"n","1198":" ","1199":" ","1200":" ","1201":" ","1202":"<","1203":"!","1204":"-","1205":"-","1206":" ","1207":"T","1208":"i","1209":"t","1210":"l","1211":"e","1212":" ","1213":"a","1214":"n","1215":"d","1216":" ","1217":"S","1218":"t","1219":"a","1220":"t","1221":"u","1222":"s","1223":" ","1224":"-","1225":"-","1226":">","1227":"\\","1228":"r","1229":"\\","1230":"n","1231":" ","1232":" ","1233":" ","1234":" ","1235":"<","1236":"d","1237":"i","1238":"v","1239":" ","1240":"c","1241":"l","1242":"a","1243":"s","1244":"s","1245":"=","1246":"\\","1247":"\"","1248":"f","1249":"l","1250":"e","1251":"x","1252":" ","1253":"j","1254":"u","1255":"s","1256":"t","1257":"i","1258":"f","1259":"y","1260":"-","1261":"b","1262":"e","1263":"t","1264":"w","1265":"e","1266":"e","1267":"n","1268":" ","1269":"i","1270":"t","1271":"e","1272":"m","1273":"s","1274":"-","1275":"s","1276":"t","1277":"a","1278":"r","1279":"t","1280":" ","1281":"m","1282":"b","1283":"-","1284":"2","1285":"\\","1286":"\"","1287":">","1288":"\\","1289":"r","1290":"\\","1291":"n","1292":" ","1293":" ","1294":" ","1295":" ","1296":" ","1297":" ","1298":"<","1299":"!","1300":"-","1301":"-","1302":" ","1303":"F","1304":"I","1305":"X","1306":" ","1307":"#","1308":"1","1309":":","1310":" ","1311":"A","1312":"d","1313":"d","1314":"e","1315":"d","1316":" ","1317":"d","1318":"a","1319":"t","1320":"a","1321":"-","1322":"t","1323":"e","1324":"s","1325":"t","1326":"i","1327":"d","1328":" ","1329":"f","1330":"o","1331":"r","1332":" ","1333":"t","1334":"h","1335":"e","1336":" ","1337":"t","1338":"i","1339":"t","1340":"l","1341":"e","1342":" ","1343":"-","1344":"-","1345":">","1346":"\\","1347":"r","1348":"\\","1349":"n","1350":" ","1351":" ","1352":" ","1353":" ","1354":" ","1355":" ","1356":"<","1357":"h","1358":"3","1359":"\\","1360":"r","1361":"\\","1362":"n","1363":" ","1364":" ","1365":" ","1366":" ","1367":" ","1368":" ","1369":" ","1370":" ","1371":"d","1372":"a","1373":"t","1374":"a","1375":"-","1376":"t","1377":"e","1378":"s","1379":"t","1380":"i","1381":"d","1382":"=","1383":"\\","1384":"\"","1385":"t","1386":"a","1387":"s","1388":"k","1389":"-","1390":"t","1391":"i","1392":"t","1393":"l","1394":"e","1395":"\\","1396":"\"","1397":"\\","1398":"r","1399":"\\","1400":"n","1401":" ","1402":" ","1403":" ","1404":" ","1405":" ","1406":" ","1407":" ","1408":" ","1409":"c","1410":"l","1411":"a","1412":"s","1413":"s","1414":"=","1415":"\\","1416":"\"","1417":"f","1418":"o","1419":"n","1420":"t","1421":"-","1422":"b","1423":"o","1424":"l","1425":"d","1426":" ","1427":"t","1428":"e","1429":"x","1430":"t","1431":"-","1432":"x","1433":"l","1434":" ","1435":"t","1436":"e","1437":"x","1438":"t","1439":"-","1440":"s","1441":"l","1442":"a","1443":"t","1444":"e","1445":"-","1446":"9","1447":"0","1448":"0","1449":" ","1450":"d","1451":"a","1452":"r","1453":"k","1454":":","1455":"t","1456":"e","1457":"x","1458":"t","1459":"-","1460":"s","1461":"l","1462":"a","1463":"t","1464":"e","1465":"-","1466":"1","1467":"0","1468":"0","1469":" ","1470":"f","1471":"l","1472":"e","1473":"x","1474":"-","1475":"1","1476":" ","1477":"p","1478":"r","1479":"-","1480":"4","1481":"\\","1482":"\"","1483":"\\","1484":"r","1485":"\\","1486":"n","1487":" ","1488":" ","1489":" ","1490":" ","1491":" ","1492":" ","1493":" ","1494":" ","1495":":","1496":"c","1497":"l","1498":"a","1499":"s","1500":"s","1501":"=","1502":"\\","1503":"\"","1504":"{","1505":" ","1506":"'","1507":"l","1508":"i","1509":"n","1510":"e","1511":"-","1512":"t","1513":"h","1514":"r","1515":"o","1516":"u","1517":"g","1518":"h","1519":" ","1520":"t","1521":"e","1522":"x","1523":"t","1524":"-","1525":"s","1526":"l","1527":"a","1528":"t","1529":"e","1530":"-","1531":"5","1532":"0","1533":"0","1534":"'","1535":":","1536":" ","1537":"t","1538":"a","1539":"s","1540":"k","1541":".","1542":"s","1543":"t","1544":"a","1545":"t","1546":"u","1547":"s","1548":" ","1549":"=","1550":"=","1551":"=","1552":" ","1553":"'","1554":"c","1555":"o","1556":"m","1557":"p","1558":"l","1559":"e","1560":"t","1561":"e","1562":"d","1563":"'","1564":" ","1565":"}","1566":"\\","1567":"\"","1568":"\\","1569":"r","1570":"\\","1571":"n","1572":" ","1573":" ","1574":" ","1575":" ","1576":" ","1577":" ","1578":">","1579":"\\","1580":"r","1581":"\\","1582":"n","1583":" ","1584":" ","1585":" ","1586":" ","1587":" ","1588":" ","1589":" ","1590":" ","1591":"{","1592":"{","1593":" ","1594":"t","1595":"a","1596":"s","1597":"k","1598":".","1599":"t","1600":"i","1601":"t","1602":"l","1603":"e","1604":" ","1605":"}","1606":"}","1607":"\\","1608":"r","1609":"\\","1610":"n","1611":" ","1612":" ","1613":" ","1614":" ","1615":" ","1616":" ","1617":"<","1618":"/","1619":"h","1620":"3","1621":">","1622":"\\","1623":"r","1624":"\\","1625":"n","1626":" ","1627":" ","1628":" ","1629":" ","1630":" ","1631":" ","1632":"<","1633":"s","1634":"p","1635":"a","1636":"n","1637":"\\","1638":"r","1639":"\\","1640":"n","1641":" ","1642":" ","1643":" ","1644":" ","1645":" ","1646":" ","1647":" ","1648":" ","1649":":","1650":"c","1651":"l","1652":"a","1653":"s","1654":"s","1655":"=","1656":"\\","1657":"\"","1658":"\\","1659":"r","1660":"\\","1661":"n","1662":" ","1663":" ","1664":" ","1665":" ","1666":" ","1667":" ","1668":" ","1669":" ","1670":" ","1671":" ","1672":"t","1673":"a","1674":"s","1675":"k","1676":".","1677":"s","1678":"t","1679":"a","1680":"t","1681":"u","1682":"s","1683":" ","1684":"=","1685":"=","1686":"=","1687":" ","1688":"'","1689":"c","1690":"o","1691":"m","1692":"p","1693":"l","1694":"e","1695":"t","1696":"e","1697":"d","1698":"'","1699":"\\","1700":"r","1701":"\\","1702":"n","1703":" ","1704":" ","1705":" ","1706":" ","1707":" ","1708":" ","1709":" ","1710":" ","1711":" ","1712":" ","1713":" ","1714":" ","1715":"?","1716":" ","1717":"'","1718":"b","1719":"g","1720":"-","1721":"g","1722":"r","1723":"e","1724":"e","1725":"n","1726":"-","1727":"1","1728":"0","1729":"0","1730":" ","1731":"t","1732":"e","1733":"x","1734":"t","1735":"-","1736":"g","1737":"r","1738":"e","1739":"e","1740":"n","1741":"-","1742":"8","1743":"0","1744":"0","1745":" ","1746":"d","1747":"a","1748":"r","1749":"k","1750":":","1751":"b","1752":"g","1753":"-","1754":"g","1755":"r","1756":"e","1757":"e","1758":"n","1759":"-","1760":"9","1761":"0","1762":"0","1763":" ","1764":"d","1765":"a","1766":"r","1767":"k","1768":":","1769":"t","1770":"e","1771":"x","1772":"t","1773":"-","1774":"g","1775":"r","1776":"e","1777":"e","1778":"n","1779":"-","1780":"3","1781":"0","1782":"0","1783":"'","1784":"\\","1785":"r","1786":"\\","1787":"n","1788":" ","1789":" ","1790":" ","1791":" ","1792":" ","1793":" ","1794":" ","1795":" ","1796":" ","1797":" ","1798":" ","1799":" ","1800":":","1801":" ","1802":"'","1803":"b","1804":"g","1805":"-","1806":"y","1807":"e","1808":"l","1809":"l","1810":"o","1811":"w","1812":"-","1813":"1","1814":"0","1815":"0","1816":" ","1817":"t","1818":"e","1819":"x","1820":"t","1821":"-","1822":"y","1823":"e","1824":"l","1825":"l","1826":"o","1827":"w","1828":"-","1829":"8","1830":"0","1831":"0","1832":" ","1833":"d","1834":"a","1835":"r","1836":"k","1837":":","1838":"b","1839":"g","1840":"-","1841":"y","1842":"e","1843":"l","1844":"l","1845":"o","1846":"w","1847":"-","1848":"9","1849":"0","1850":"0","1851":" ","1852":"d","1853":"a","1854":"r","1855":"k","1856":":","1857":"t","1858":"e","1859":"x","1860":"t","1861":"-","1862":"y","1863":"e","1864":"l","1865":"l","1866":"o","1867":"w","1868":"-","1869":"3","1870":"0","1871":"0","1872":"'","1873":"\\","1874":"r","1875":"\\","1876":"n","1877":" ","1878":" ","1879":" ","1880":" ","1881":" ","1882":" ","1883":" ","1884":" ","1885":"\\","1886":"\"","1887":"\\","1888":"r","1889":"\\","1890":"n","1891":" ","1892":" ","1893":" ","1894":" ","1895":" ","1896":" ","1897":" ","1898":" ","1899":"c","1900":"l","1901":"a","1902":"s","1903":"s","1904":"=","1905":"\\","1906":"\"","1907":"t","1908":"e","1909":"x","1910":"t","1911":"-","1912":"x","1913":"s","1914":" ","1915":"f","1916":"o","1917":"n","1918":"t","1919":"-","1920":"s","1921":"e","1922":"m","1923":"i","1924":"b","1925":"o","1926":"l","1927":"d","1928":" ","1929":"p","1930":"x","1931":"-","1932":"3","1933":" ","1934":"p","1935":"y","1936":"-","1937":"1","1938":" ","1939":"r","1940":"o","1941":"u","1942":"n","1943":"d","1944":"e","1945":"d","1946":"-","1947":"f","1948":"u","1949":"l","1950":"l","1951":" ","1952":"f","1953":"l","1954":"e","1955":"x","1956":"-","1957":"s","1958":"h","1959":"r","1960":"i","1961":"n","1962":"k","1963":"-","1964":"0","1965":"\\","1966":"\"","1967":"\\","1968":"r","1969":"\\","1970":"n","1971":" ","1972":" ","1973":" ","1974":" ","1975":" ","1976":" ","1977":">","1978":"\\","1979":"r","1980":"\\","1981":"n","1982":" ","1983":" ","1984":" ","1985":" ","1986":" ","1987":" ","1988":" ","1989":" ","1990":"{","1991":"{","1992":" ","1993":"t","1994":"a","1995":"s","1996":"k","1997":".","1998":"s","1999":"t","2000":"a","2001":"t","2002":"u","2003":"s","2004":".","2005":"c","2006":"h","2007":"a","2008":"r","2009":"A","2010":"t","2011":"(","2012":"0","2013":")","2014":".","2015":"t","2016":"o","2017":"U","2018":"p","2019":"p","2020":"e","2021":"r","2022":"C","2023":"a","2024":"s","2025":"e","2026":"(","2027":")","2028":" ","2029":"+","2030":" ","2031":"t","2032":"a","2033":"s","2034":"k","2035":".","2036":"s","2037":"t","2038":"a","2039":"t","2040":"u","2041":"s","2042":".","2043":"s","2044":"l","2045":"i","2046":"c","2047":"e","2048":"(","2049":"1","2050":")","2051":" ","2052":"}","2053":"}","2054":"\\","2055":"r","2056":"\\","2057":"n","2058":" ","2059":" ","2060":" ","2061":" ","2062":" ","2063":" ","2064":"<","2065":"/","2066":"s","2067":"p","2068":"a","2069":"n","2070":">","2071":"\\","2072":"r","2073":"\\","2074":"n","2075":" ","2076":" ","2077":" ","2078":" ","2079":"<","2080":"/","2081":"d","2082":"i","2083":"v","2084":">","2085":"\\","2086":"r","2087":"\\","2088":"n","2089":"\\","2090":"r","2091":"\\","2092":"n","2093":" ","2094":" ","2095":" ","2096":" ","2097":"<","2098":"!","2099":"-","2100":"-","2101":" ","2102":"D","2103":"e","2104":"s","2105":"c","2106":"r","2107":"i","2108":"p","2109":"t","2110":"i","2111":"o","2112":"n","2113":" ","2114":"-","2115":"-","2116":">","2117":"\\","2118":"r","2119":"\\","2120":"n","2121":" ","2122":" ","2123":" ","2124":" ","2125":"<","2126":"!","2127":"-","2128":"-","2129":" ","2130":"F","2131":"I","2132":"X","2133":" ","2134":"#","2135":"2","2136":":","2137":" ","2138":"A","2139":"d","2140":"d","2141":"e","2142":"d","2143":" ","2144":"d","2145":"a","2146":"t","2147":"a","2148":"-","2149":"t","2150":"e","2151":"s","2152":"t","2153":"i","2154":"d","2155":" ","2156":"f","2157":"o","2158":"r","2159":" ","2160":"t","2161":"h","2162":"e","2163":" ","2164":"d","2165":"e","2166":"s","2167":"c","2168":"r","2169":"i","2170":"p","2171":"t","2172":"i","2173":"o","2174":"n","2175":" ","2176":"-","2177":"-","2178":">","2179":"\\","2180":"r","2181":"\\","2182":"n","2183":" ","2184":" ","2185":" ","2186":" ","2187":"<","2188":"p","2189":"\\","2190":"r","2191":"\\","2192":"n","2193":" ","2194":" ","2195":" ","2196":" ","2197":" ","2198":" ","2199":"v","2200":"-","2201":"i","2202":"f","2203":"=","2204":"\\","2205":"\"","2206":"t","2207":"a","2208":"s","2209":"k","2210":".","2211":"d","2212":"e","2213":"s","2214":"c","2215":"r","2216":"i","2217":"p","2218":"t","2219":"i","2220":"o","2221":"n","2222":"\\","2223":"\"","2224":"\\","2225":"r","2226":"\\","2227":"n","2228":" ","2229":" ","2230":" ","2231":" ","2232":" ","2233":" ","2234":"d","2235":"a","2236":"t","2237":"a","2238":"-","2239":"t","2240":"e","2241":"s","2242":"t","2243":"i","2244":"d","2245":"=","2246":"\\","2247":"\"","2248":"t","2249":"a","2250":"s","2251":"k","2252":"-","2253":"d","2254":"e","2255":"s","2256":"c","2257":"r","2258":"i","2259":"p","2260":"t","2261":"i","2262":"o","2263":"n","2264":"\\","2265":"\"","2266":"\\","2267":"r","2268":"\\","2269":"n","2270":" ","2271":" ","2272":" ","2273":" ","2274":" ","2275":" ","2276":"c","2277":"l","2278":"a","2279":"s","2280":"s","2281":"=","2282":"\\","2283":"\"","2284":"t","2285":"e","2286":"x","2287":"t","2288":"-","2289":"s","2290":"l","2291":"a","2292":"t","2293":"e","2294":"-","2295":"6","2296":"0","2297":"0","2298":" ","2299":"d","2300":"a","2301":"r","2302":"k","2303":":","2304":"t","2305":"e","2306":"x","2307":"t","2308":"-","2309":"s","2310":"l","2311":"a","2312":"t","2313":"e","2314":"-","2315":"4","2316":"0","2317":"0","2318":" ","2319":"t","2320":"e","2321":"x","2322":"t","2323":"-","2324":"s","2325":"m","2326":" ","2327":"l","2328":"e","2329":"a","2330":"d","2331":"i","2332":"n","2333":"g","2334":"-","2335":"r","2336":"e","2337":"l","2338":"a","2339":"x","2340":"e","2341":"d","2342":" ","2343":"f","2344":"l","2345":"e","2346":"x","2347":"-","2348":"g","2349":"r","2350":"o","2351":"w","2352":" ","2353":"o","2354":"v","2355":"e","2356":"r","2357":"f","2358":"l","2359":"o","2360":"w","2361":"-","2362":"h","2363":"i","2364":"d","2365":"d","2366":"e","2367":"n","2368":"\\","2369":"\"","2370":"\\","2371":"r","2372":"\\","2373":"n","2374":" ","2375":" ","2376":" ","2377":" ","2378":">","2379":"\\","2380":"r","2381":"\\","2382":"n","2383":" ","2384":" ","2385":" ","2386":" ","2387":" ","2388":" ","2389":"{","2390":"{","2391":" ","2392":"t","2393":"a","2394":"s","2395":"k","2396":".","2397":"d","2398":"e","2399":"s","2400":"c","2401":"r","2402":"i","2403":"p","2404":"t","2405":"i","2406":"o","2407":"n","2408":" ","2409":"}","2410":"}","2411":"\\","2412":"r","2413":"\\","2414":"n","2415":" ","2416":" ","2417":" ","2418":" ","2419":"<","2420":"/","2421":"p","2422":">","2423":"\\","2424":"r","2425":"\\","2426":"n","2427":" ","2428":" ","2429":" ","2430":" ","2431":"<","2432":"p","2433":" ","2434":"v","2435":"-","2436":"e","2437":"l","2438":"s","2439":"e","2440":" ","2441":"c","2442":"l","2443":"a","2444":"s","2445":"s","2446":"=","2447":"\\","2448":"\"","2449":"t","2450":"e","2451":"x","2452":"t","2453":"-","2454":"s","2455":"l","2456":"a","2457":"t","2458":"e","2459":"-","2460":"4","2461":"0","2462":"0","2463":" ","2464":"d","2465":"a","2466":"r","2467":"k","2468":":","2469":"t","2470":"e","2471":"x","2472":"t","2473":"-","2474":"s","2475":"l","2476":"a","2477":"t","2478":"e","2479":"-","2480":"6","2481":"0","2482":"0","2483":" ","2484":"t","2485":"e","2486":"x","2487":"t","2488":"-","2489":"s","2490":"m","2491":" ","2492":"f","2493":"l","2494":"e","2495":"x","2496":"-","2497":"g","2498":"r","2499":"o","2500":"w","2501":"\\","2502":"\"","2503":">","2504":"\\","2505":"r","2506":"\\","2507":"n","2508":" ","2509":" ","2510":" ","2511":" ","2512":" ","2513":" ","2514":"N","2515":"o","2516":" ","2517":"d","2518":"e","2519":"s","2520":"c","2521":"r","2522":"i","2523":"p","2524":"t","2525":"i","2526":"o","2527":"n","2528":" ","2529":"p","2530":"r","2531":"o","2532":"v","2533":"i","2534":"d","2535":"e","2536":"d","2537":".","2538":"\\","2539":"r","2540":"\\","2541":"n","2542":" ","2543":" ","2544":" ","2545":" ","2546":"<","2547":"/","2548":"p","2549":">","2550":"\\","2551":"r","2552":"\\","2553":"n","2554":"\\","2555":"r","2556":"\\","2557":"n","2558":" ","2559":" ","2560":" ","2561":" ","2562":"<","2563":"!","2564":"-","2565":"-","2566":" ","2567":"D","2568":"u","2569":"e","2570":" ","2571":"D","2572":"a","2573":"t","2574":"e","2575":" ","2576":"(","2577":"O","2578":"p","2579":"t","2580":"i","2581":"o","2582":"n","2583":"a","2584":"l","2585":")","2586":" ","2587":"-","2588":"-","2589":">","2590":"\\","2591":"r","2592":"\\","2593":"n","2594":" ","2595":" ","2596":" ","2597":" ","2598":"<","2599":"d","2600":"i","2601":"v","2602":"\\","2603":"r","2604":"\\","2605":"n","2606":" ","2607":" ","2608":" ","2609":" ","2610":" ","2611":" ","2612":"v","2613":"-","2614":"i","2615":"f","2616":"=","2617":"\\","2618":"\"","2619":"t","2620":"a","2621":"s","2622":"k","2623":".","2624":"d","2625":"u","2626":"e","2627":"D","2628":"a","2629":"t","2630":"e","2631":"\\","2632":"\"","2633":"\\","2634":"r","2635":"\\","2636":"n","2637":" ","2638":" ","2639":" ","2640":" ","2641":" ","2642":" ","2643":"c","2644":"l","2645":"a","2646":"s","2647":"s","2648":"=","2649":"\\","2650":"\"","2651":"f","2652":"l","2653":"e","2654":"x","2655":" ","2656":"i","2657":"t","2658":"e","2659":"m","2660":"s","2661":"-","2662":"c","2663":"e","2664":"n","2665":"t","2666":"e","2667":"r","2668":" ","2669":"t","2670":"e","2671":"x","2672":"t","2673":"-","2674":"s","2675":"l","2676":"a","2677":"t","2678":"e","2679":"-","2680":"5","2681":"0","2682":"0","2683":" ","2684":"d","2685":"a","2686":"r","2687":"k","2688":":","2689":"t","2690":"e","2691":"x","2692":"t","2693":"-","2694":"s","2695":"l","2696":"a","2697":"t","2698":"e","2699":"-","2700":"4","2701":"0","2702":"0","2703":" ","2704":"t","2705":"e","2706":"x","2707":"t","2708":"-","2709":"x","2710":"s","2711":" ","2712":"m","2713":"t","2714":"-","2715":"2","2716":"\\","2717":"\"","2718":"\\","2719":"r","2720":"\\","2721":"n","2722":" ","2723":" ","2724":" ","2725":" ","2726":">","2727":"\\","2728":"r","2729":"\\","2730":"n","2731":" ","2732":" ","2733":" ","2734":" ","2735":" ","2736":" ","2737":"<","2738":"s","2739":"v","2740":"g","2741":"\\","2742":"r","2743":"\\","2744":"n","2745":" ","2746":" ","2747":" ","2748":" ","2749":" ","2750":" ","2751":" ","2752":" ","2753":"c","2754":"l","2755":"a","2756":"s","2757":"s","2758":"=","2759":"\\","2760":"\"","2761":"w","2762":"-","2763":"4","2764":" ","2765":"h","2766":"-","2767":"4","2768":" ","2769":"m","2770":"r","2771":"-","2772":"1","2773":"\\","2774":"\"","2775":"\\","2776":"r","2777":"\\","2778":"n","2779":" ","2780":" ","2781":" ","2782":" ","2783":" ","2784":" ","2785":" ","2786":" ","2787":"f","2788":"i","2789":"l","2790":"l","2791":"=","2792":"\\","2793":"\"","2794":"n","2795":"o","2796":"n","2797":"e","2798":"\\","2799":"\"","2800":"\\","2801":"r","2802":"\\","2803":"n","2804":" ","2805":" ","2806":" ","2807":" ","2808":" ","2809":" ","2810":" ","2811":" ","2812":"s","2813":"t","2814":"r","2815":"o","2816":"k","2817":"e","2818":"=","2819":"\\","2820":"\"","2821":"c","2822":"u","2823":"r","2824":"r","2825":"e","2826":"n","2827":"t","2828":"C","2829":"o","2830":"l","2831":"o","2832":"r","2833":"\\","2834":"\"","2835":"\\","2836":"r","2837":"\\","2838":"n","2839":" ","2840":" ","2841":" ","2842":" ","2843":" ","2844":" ","2845":" ","2846":" ","2847":"v","2848":"i","2849":"e","2850":"w","2851":"B","2852":"o","2853":"x","2854":"=","2855":"\\","2856":"\"","2857":"0","2858":" ","2859":"0","2860":" ","2861":"2","2862":"4","2863":" ","2864":"2","2865":"4","2866":"\\","2867":"\"","2868":"\\","2869":"r","2870":"\\","2871":"n","2872":" ","2873":" ","2874":" ","2875":" ","2876":" ","2877":" ","2878":" ","2879":" ","2880":"x","2881":"m","2882":"l","2883":"n","2884":"s","2885":"=","2886":"\\","2887":"\"","2888":"h","2889":"t","2890":"t","2891":"p","2892":":","2893":"/","2894":"/","2895":"w","2896":"w","2897":"w","2898":".","2899":"w","2900":"3","2901":".","2902":"o","2903":"r","2904":"g","2905":"/","2906":"2","2907":"0","2908":"0","2909":"0","2910":"/","2911":"s","2912":"v","2913":"g","2914":"\\","2915":"\"","2916":"\\","2917":"r","2918":"\\","2919":"n","2920":" ","2921":" ","2922":" ","2923":" ","2924":" ","2925":" ","2926":">","2927":"\\","2928":"r","2929":"\\","2930":"n","2931":" ","2932":" ","2933":" ","2934":" ","2935":" ","2936":" ","2937":" ","2938":" ","2939":"<","2940":"p","2941":"a","2942":"t","2943":"h","2944":"\\","2945":"r","2946":"\\","2947":"n","2948":" ","2949":" ","2950":" ","2951":" ","2952":" ","2953":" ","2954":" ","2955":" ","2956":" ","2957":" ","2958":"s","2959":"t","2960":"r","2961":"o","2962":"k","2963":"e","2964":"-","2965":"l","2966":"i","2967":"n","2968":"e","2969":"c","2970":"a","2971":"p","2972":"=","2973":"\\","2974":"\"","2975":"r","2976":"o","2977":"u","2978":"n","2979":"d","2980":"\\","2981":"\"","2982":"\\","2983":"r","2984":"\\","2985":"n","2986":" ","2987":" ","2988":" ","2989":" ","2990":" ","2991":" ","2992":" ","2993":" ","2994":" ","2995":" ","2996":"s","2997":"t","2998":"r","2999":"o","3000":"k","3001":"e","3002":"-","3003":"l","3004":"i","3005":"n","3006":"e","3007":"j","3008":"o","3009":"i","3010":"n","3011":"=","3012":"\\","3013":"\"","3014":"r","3015":"o","3016":"u","3017":"n","3018":"d","3019":"\\","3020":"\"","3021":"\\","3022":"r","3023":"\\","3024":"n","3025":" ","3026":" ","3027":" ","3028":" ","3029":" ","3030":" ","3031":" ","3032":" ","3033":" ","3034":" ","3035":"s","3036":"t","3037":"r","3038":"o","3039":"k","3040":"e","3041":"-","3042":"w","3043":"i","3044":"d","3045":"t","3046":"h","3047":"=","3048":"\\","3049":"\"","3050":"2","3051":"\\","3052":"\"","3053":"\\","3054":"r","3055":"\\","3056":"n","3057":" ","3058":" ","3059":" ","3060":" ","3061":" ","3062":" ","3063":" ","3064":" ","3065":" ","3066":" ","3067":"d","3068":"=","3069":"\\","3070":"\"","3071":"M","3072":"8","3073":" ","3074":"7","3075":"V","3076":"3","3077":"m","3078":"8","3079":" ","3080":"4","3081":"V","3082":"3","3083":"m","3084":"-","3085":"9","3086":" ","3087":"8","3088":"h","3089":"1","3090":"0","3091":"M","3092":"5","3093":" ","3094":"2","3095":"1","3096":"h","3097":"1","3098":"4","3099":"a","3100":"2","3101":" ","3102":"2","3103":" ","3104":"0","3105":" ","3106":"0","3107":"0","3108":"2","3109":"-","3110":"2","3111":"V","3112":"7","3113":"a","3114":"2","3115":" ","3116":"2","3117":" ","3118":"0","3119":" ","3120":"0","3121":"0","3122":"-","3123":"2","3124":"-","3125":"2","3126":"H","3127":"5","3128":"a","3129":"2","3130":" ","3131":"2","3132":" ","3133":"0","3134":" ","3135":"0","3136":"0","3137":"-","3138":"2","3139":" ","3140":"2","3141":"v","3142":"1","3143":"2","3144":"a","3145":"2","3146":" ","3147":"2","3148":" ","3149":"0","3150":" ","3151":"0","3152":"0","3153":"2","3154":" ","3155":"2","3156":"z","3157":"\\","3158":"\"","3159":"\\","3160":"r","3161":"\\","3162":"n","3163":" ","3164":" ","3165":" ","3166":" ","3167":" ","3168":" ","3169":" ","3170":" ","3171":">","3172":"<","3173":"/","3174":"p","3175":"a","3176":"t","3177":"h","3178":">","3179":"\\","3180":"r","3181":"\\","3182":"n","3183":" ","3184":" ","3185":" ","3186":" ","3187":" ","3188":" ","3189":"<","3190":"/","3191":"s","3192":"v","3193":"g","3194":">","3195":"\\","3196":"r","3197":"\\","3198":"n","3199":" ","3200":" ","3201":" ","3202":" ","3203":" ","3204":" ","3205":"<","3206":"s","3207":"p","3208":"a","3209":"n","3210":">","3211":"D","3212":"u","3213":"e","3214":":","3215":" ","3216":"{","3217":"{","3218":" ","3219":"f","3220":"o","3221":"r","3222":"m","3223":"a","3224":"t","3225":"D","3226":"a","3227":"t","3228":"e","3229":"(","3230":"t","3231":"a","3232":"s","3233":"k","3234":".","3235":"d","3236":"u","3237":"e","3238":"D","3239":"a","3240":"t","3241":"e","3242":")","3243":" ","3244":"}","3245":"}","3246":"<","3247":"/","3248":"s","3249":"p","3250":"a","3251":"n","3252":">","3253":"\\","3254":"r","3255":"\\","3256":"n","3257":" ","3258":" ","3259":" ","3260":" ","3261":"<","3262":"/","3263":"d","3264":"i","3265":"v","3266":">","3267":"\\","3268":"r","3269":"\\","3270":"n","3271":"\\","3272":"r","3273":"\\","3274":"n","3275":" ","3276":" ","3277":" ","3278":" ","3279":"<","3280":"!","3281":"-","3282":"-","3283":" ","3284":"A","3285":"c","3286":"t","3287":"i","3288":"o","3289":"n","3290":" ","3291":"B","3292":"u","3293":"t","3294":"t","3295":"o","3296":"n","3297":"s","3298":" ","3299":"-","3300":"-","3301":">","3302":"\\","3303":"r","3304":"\\","3305":"n","3306":" ","3307":" ","3308":" ","3309":" ","3310":"<","3311":"d","3312":"i","3313":"v","3314":"\\","3315":"r","3316":"\\","3317":"n","3318":" ","3319":" ","3320":" ","3321":" ","3322":" ","3323":" ","3324":"c","3325":"l","3326":"a","3327":"s","3328":"s","3329":"=","3330":"\\","3331":"\"","3332":"f","3333":"l","3334":"e","3335":"x","3336":" ","3337":"j","3338":"u","3339":"s","3340":"t","3341":"i","3342":"f","3343":"y","3344":"-","3345":"e","3346":"n","3347":"d","3348":" ","3349":"i","3350":"t","3351":"e","3352":"m","3353":"s","3354":"-","3355":"c","3356":"e","3357":"n","3358":"t","3359":"e","3360":"r","3361":" ","3362":"s","3363":"p","3364":"a","3365":"c","3366":"e","3367":"-","3368":"x","3369":"-","3370":"3","3371":" ","3372":"p","3373":"t","3374":"-","3375":"4","3376":" ","3377":"b","3378":"o","3379":"r","3380":"d","3381":"e","3382":"r","3383":"-","3384":"t","3385":" ","3386":"b","3387":"o","3388":"r","3389":"d","3390":"e","3391":"r","3392":"-","3393":"s","3394":"l","3395":"a","3396":"t","3397":"e","3398":"-","3399":"2","3400":"0","3401":"0","3402":" ","3403":"d","3404":"a","3405":"r","3406":"k","3407":":","3408":"b","3409":"o","3410":"r","3411":"d","3412":"e","3413":"r","3414":"-","3415":"s","3416":"l","3417":"a","3418":"t","3419":"e","3420":"-","3421":"7","3422":"0","3423":"0","3424":" ","3425":"m","3426":"t","3427":"-","3428":"a","3429":"u","3430":"t","3431":"o","3432":"\\","3433":"\"","3434":"\\","3435":"r","3436":"\\","3437":"n","3438":" ","3439":" ","3440":" ","3441":" ","3442":">","3443":"\\","3444":"r","3445":"\\","3446":"n","3447":" ","3448":" ","3449":" ","3450":" ","3451":" ","3452":" ","3453":"<","3454":"b","3455":"u","3456":"t","3457":"t","3458":"o","3459":"n","3460":"\\","3461":"r","3462":"\\","3463":"n","3464":" ","3465":" ","3466":" ","3467":" ","3468":" ","3469":" ","3470":" ","3471":" ","3472":"v","3473":"-","3474":"i","3475":"f","3476":"=","3477":"\\","3478":"\"","3479":"t","3480":"a","3481":"s","3482":"k","3483":".","3484":"s","3485":"t","3486":"a","3487":"t","3488":"u","3489":"s","3490":" ","3491":"=","3492":"=","3493":"=","3494":" ","3495":"'","3496":"p","3497":"e","3498":"n","3499":"d","3500":"i","3501":"n","3502":"g","3503":"'","3504":"\\","3505":"\"","3506":"\\","3507":"r","3508":"\\","3509":"n","3510":" ","3511":" ","3512":" ","3513":" ","3514":" ","3515":" ","3516":" ","3517":" ","3518":"c","3519":"l","3520":"a","3521":"s","3522":"s","3523":"=","3524":"\\","3525":"\"","3526":"t","3527":"e","3528":"x","3529":"t","3530":"-","3531":"s","3532":"m","3533":" ","3534":"f","3535":"o","3536":"n","3537":"t","3538":"-","3539":"m","3540":"e","3541":"d","3542":"i","3543":"u","3544":"m","3545":" ","3546":"t","3547":"e","3548":"x","3549":"t","3550":"-","3551":"g","3552":"r","3553":"e","3554":"e","3555":"n","3556":"-","3557":"6","3558":"0","3559":"0","3560":" ","3561":"d","3562":"a","3563":"r","3564":"k","3565":":","3566":"t","3567":"e","3568":"x","3569":"t","3570":"-","3571":"g","3572":"r","3573":"e","3574":"e","3575":"n","3576":"-","3577":"4","3578":"0","3579":"0","3580":" ","3581":"h","3582":"o","3583":"v","3584":"e","3585":"r","3586":":","3587":"t","3588":"e","3589":"x","3590":"t","3591":"-","3592":"g","3593":"r","3594":"e","3595":"e","3596":"n","3597":"-","3598":"8","3599":"0","3600":"0","3601":" ","3602":"d","3603":"a","3604":"r","3605":"k","3606":":","3607":"h","3608":"o","3609":"v","3610":"e","3611":"r","3612":":","3613":"t","3614":"e","3615":"x","3616":"t","3617":"-","3618":"g","3619":"r","3620":"e","3621":"e","3622":"n","3623":"-","3624":"3","3625":"0","3626":"0","3627":" ","3628":"t","3629":"r","3630":"a","3631":"n","3632":"s","3633":"i","3634":"t","3635":"i","3636":"o","3637":"n","3638":"-","3639":"c","3640":"o","3641":"l","3642":"o","3643":"r","3644":"s","3645":"\\","3646":"\"","3647":"\\","3648":"r","3649":"\\","3650":"n","3651":" ","3652":" ","3653":" ","3654":" ","3655":" ","3656":" ","3657":" ","3658":" ","3659":"@","3660":"c","3661":"l","3662":"i","3663":"c","3664":"k","3665":"=","3666":"\\","3667":"\"","3668":"$","3669":"e","3670":"m","3671":"i","3672":"t","3673":"(","3674":"'","3675":"t","3676":"o","3677":"g","3678":"g","3679":"l","3680":"e","3681":"-","3682":"s","3683":"t","3684":"a","3685":"t","3686":"u","3687":"s","3688":"'","3689":",","3690":" ","3691":"t","3692":"a","3693":"s","3694":"k","3695":")","3696":"\\","3697":"\"","3698":"\\","3699":"r","3700":"\\","3701":"n","3702":" ","3703":" ","3704":" ","3705":" ","3706":" ","3707":" ","3708":">","3709":"\\","3710":"r","3711":"\\","3712":"n","3713":" ","3714":" ","3715":" ","3716":" ","3717":" ","3718":" ","3719":" ","3720":" ","3721":"M","3722":"a","3723":"r","3724":"k","3725":" ","3726":"C","3727":"o","3728":"m","3729":"p","3730":"l","3731":"e","3732":"t","3733":"e","3734":"\\","3735":"r","3736":"\\","3737":"n","3738":" ","3739":" ","3740":" ","3741":" ","3742":" ","3743":" ","3744":"<","3745":"/","3746":"b","3747":"u","3748":"t","3749":"t","3750":"o","3751":"n","3752":">","3753":"\\","3754":"r","3755":"\\","3756":"n","3757":" ","3758":" ","3759":" ","3760":" ","3761":" ","3762":" ","3763":"<","3764":"b","3765":"u","3766":"t","3767":"t","3768":"o","3769":"n","3770":"\\","3771":"r","3772":"\\","3773":"n","3774":" ","3775":" ","3776":" ","3777":" ","3778":" ","3779":" ","3780":" ","3781":" ","3782":"v","3783":"-","3784":"e","3785":"l","3786":"s","3787":"e","3788":"\\","3789":"r","3790":"\\","3791":"n","3792":" ","3793":" ","3794":" ","3795":" ","3796":" ","3797":" ","3798":" ","3799":" ","3800":"c","3801":"l","3802":"a","3803":"s","3804":"s","3805":"=","3806":"\\","3807":"\"","3808":"t","3809":"e","3810":"x","3811":"t","3812":"-","3813":"s","3814":"m","3815":" ","3816":"f","3817":"o","3818":"n","3819":"t","3820":"-","3821":"m","3822":"e","3823":"d","3824":"i","3825":"u","3826":"m","3827":" ","3828":"t","3829":"e","3830":"x","3831":"t","3832":"-","3833":"o","3834":"r","3835":"a","3836":"n","3837":"g","3838":"e","3839":"-","3840":"6","3841":"0","3842":"0","3843":" ","3844":"d","3845":"a","3846":"r","3847":"k","3848":":","3849":"t","3850":"e","3851":"x","3852":"t","3853":"-","3854":"o","3855":"r","3856":"a","3857":"n","3858":"g","3859":"e","3860":"-","3861":"4","3862":"0","3863":"0","3864":" ","3865":"h","3866":"o","3867":"v","3868":"e","3869":"r","3870":":","3871":"t","3872":"e","3873":"x","3874":"t","3875":"-","3876":"o","3877":"r","3878":"a","3879":"n","3880":"g","3881":"e","3882":"-","3883":"8","3884":"0","3885":"0","3886":" ","3887":"d","3888":"a","3889":"r","3890":"k","3891":":","3892":"h","3893":"o","3894":"v","3895":"e","3896":"r","3897":":","3898":"t","3899":"e","3900":"x","3901":"t","3902":"-","3903":"o","3904":"r","3905":"a","3906":"n","3907":"g","3908":"e","3909":"-","3910":"3","3911":"0","3912":"0","3913":" ","3914":"t","3915":"r","3916":"a","3917":"n","3918":"s","3919":"i","3920":"t","3921":"i","3922":"o","3923":"n","3924":"-","3925":"c","3926":"o","3927":"l","3928":"o","3929":"r","3930":"s","3931":"\\","3932":"\"","3933":"\\","3934":"r","3935":"\\","3936":"n","3937":" ","3938":" ","3939":" ","3940":" ","3941":" ","3942":" ","3943":" ","3944":" ","3945":"@","3946":"c","3947":"l","3948":"i","3949":"c","3950":"k","3951":"=","3952":"\\","3953":"\"","3954":"$","3955":"e","3956":"m","3957":"i","3958":"t","3959":"(","3960":"'","3961":"t","3962":"o","3963":"g","3964":"g","3965":"l","3966":"e","3967":"-","3968":"s","3969":"t","3970":"a","3971":"t","3972":"u","3973":"s","3974":"'","3975":",","3976":" ","3977":"t","3978":"a","3979":"s","3980":"k","3981":")","3982":"\\","3983":"\"","3984":"\\","3985":"r","3986":"\\","3987":"n","3988":" ","3989":" ","3990":" ","3991":" ","3992":" ","3993":" ","3994":">","3995":"\\","3996":"r","3997":"\\","3998":"n","3999":" ","4000":" ","4001":" ","4002":" ","4003":" ","4004":" ","4005":" ","4006":" ","4007":"M","4008":"a","4009":"r","4010":"k","4011":" ","4012":"P","4013":"e","4014":"n","4015":"d","4016":"i","4017":"n","4018":"g","4019":"\\","4020":"r","4021":"\\","4022":"n","4023":" ","4024":" ","4025":" ","4026":" ","4027":" ","4028":" ","4029":"<","4030":"/","4031":"b","4032":"u","4033":"t","4034":"t","4035":"o","4036":"n","4037":">","4038":"\\","4039":"r","4040":"\\","4041":"n","4042":"\\","4043":"r","4044":"\\","4045":"n","4046":" ","4047":" ","4048":" ","4049":" ","4050":" ","4051":" ","4052":"<","4053":"b","4054":"u","4055":"t","4056":"t","4057":"o","4058":"n","4059":"\\","4060":"r","4061":"\\","4062":"n","4063":" ","4064":" ","4065":" ","4066":" ","4067":" ","4068":" ","4069":" ","4070":" ","4071":"c","4072":"l","4073":"a","4074":"s","4075":"s","4076":"=","4077":"\\","4078":"\"","4079":"t","4080":"e","4081":"x","4082":"t","4083":"-","4084":"s","4085":"m","4086":" ","4087":"f","4088":"o","4089":"n","4090":"t","4091":"-","4092":"m","4093":"e","4094":"d","4095":"i","4096":"u","4097":"m","4098":" ","4099":"t","4100":"e","4101":"x","4102":"t","4103":"-","4104":"b","4105":"l","4106":"u","4107":"e","4108":"-","4109":"6","4110":"0","4111":"0","4112":" ","4113":"d","4114":"a","4115":"r","4116":"k","4117":":","4118":"t","4119":"e","4120":"x","4121":"t","4122":"-","4123":"b","4124":"l","4125":"u","4126":"e","4127":"-","4128":"4","4129":"0","4130":"0","4131":" ","4132":"h","4133":"o","4134":"v","4135":"e","4136":"r","4137":":","4138":"t","4139":"e","4140":"x","4141":"t","4142":"-","4143":"b","4144":"l","4145":"u","4146":"e","4147":"-","4148":"8","4149":"0","4150":"0","4151":" ","4152":"d","4153":"a","4154":"r","4155":"k","4156":":","4157":"h","4158":"o","4159":"v","4160":"e","4161":"r","4162":":","4163":"t","4164":"e","4165":"x","4166":"t","4167":"-","4168":"b","4169":"l","4170":"u","4171":"e","4172":"-","4173":"3","4174":"0","4175":"0","4176":" ","4177":"t","4178":"r","4179":"a","4180":"n","4181":"s","4182":"i","4183":"t","4184":"i","4185":"o","4186":"n","4187":"-","4188":"c","4189":"o","4190":"l","4191":"o","4192":"r","4193":"s","4194":"\\","4195":"\"","4196":"\\","4197":"r","4198":"\\","4199":"n","4200":" ","4201":" ","4202":" ","4203":" ","4204":" ","4205":" ","4206":" ","4207":" ","4208":"@","4209":"c","4210":"l","4211":"i","4212":"c","4213":"k","4214":"=","4215":"\\","4216":"\"","4217":"$","4218":"e","4219":"m","4220":"i","4221":"t","4222":"(","4223":"'","4224":"e","4225":"d","4226":"i","4227":"t","4228":"-","4229":"t","4230":"a","4231":"s","4232":"k","4233":"'","4234":",","4235":" ","4236":"t","4237":"a","4238":"s","4239":"k","4240":")","4241":"\\","4242":"\"","4243":"\\","4244":"r","4245":"\\","4246":"n","4247":" ","4248":" ","4249":" ","4250":" ","4251":" ","4252":" ","4253":">","4254":"\\","4255":"r","4256":"\\","4257":"n","4258":" ","4259":" ","4260":" ","4261":" ","4262":" ","4263":" ","4264":" ","4265":" ","4266":"E","4267":"d","4268":"i","4269":"t","4270":"\\","4271":"r","4272":"\\","4273":"n","4274":" ","4275":" ","4276":" ","4277":" ","4278":" ","4279":" ","4280":"<","4281":"/","4282":"b","4283":"u","4284":"t","4285":"t","4286":"o","4287":"n","4288":">","4289":"\\","4290":"r","4291":"\\","4292":"n","4293":" ","4294":" ","4295":" ","4296":" ","4297":" ","4298":" ","4299":"<","4300":"!","4301":"-","4302":"-","4303":" ","4304":"F","4305":"I","4306":"X","4307":" ","4308":"#","4309":"3","4310":":","4311":" ","4312":"A","4313":"d","4314":"d","4315":"e","4316":"d","4317":" ","4318":"d","4319":"a","4320":"t","4321":"a","4322":"-","4323":"t","4324":"e","4325":"s","4326":"t","4327":"i","4328":"d","4329":" ","4330":"f","4331":"o","4332":"r","4333":" ","4334":"t","4335":"h","4336":"e","4337":" ","4338":"d","4339":"e","4340":"l","4341":"e","4342":"t","4343":"e","4344":" ","4345":"b","4346":"u","4347":"t","4348":"t","4349":"o","4350":"n","4351":" ","4352":"-","4353":"-","4354":">","4355":"\\","4356":"r","4357":"\\","4358":"n","4359":" ","4360":" ","4361":" ","4362":" ","4363":" ","4364":" ","4365":"<","4366":"b","4367":"u","4368":"t","4369":"t","4370":"o","4371":"n","4372":"\\","4373":"r","4374":"\\","4375":"n","4376":" ","4377":" ","4378":" ","4379":" ","4380":" ","4381":" ","4382":" ","4383":" ","4384":"d","4385":"a","4386":"t","4387":"a","4388":"-","4389":"t","4390":"e","4391":"s","4392":"t","4393":"i","4394":"d","4395":"=","4396":"\\","4397":"\"","4398":"d","4399":"e","4400":"l","4401":"e","4402":"t","4403":"e","4404":"-","4405":"b","4406":"u","4407":"t","4408":"t","4409":"o","4410":"n","4411":"\\","4412":"\"","4413":"\\","4414":"r","4415":"\\","4416":"n","4417":" ","4418":" ","4419":" ","4420":" ","4421":" ","4422":" ","4423":" ","4424":" ","4425":"c","4426":"l","4427":"a","4428":"s","4429":"s","4430":"=","4431":"\\","4432":"\"","4433":"t","4434":"e","4435":"x","4436":"t","4437":"-","4438":"s","4439":"m","4440":" ","4441":"f","4442":"o","4443":"n","4444":"t","4445":"-","4446":"m","4447":"e","4448":"d","4449":"i","4450":"u","4451":"m","4452":" ","4453":"t","4454":"e","4455":"x","4456":"t","4457":"-","4458":"r","4459":"e","4460":"d","4461":"-","4462":"6","4463":"0","4464":"0","4465":" ","4466":"d","4467":"a","4468":"r","4469":"k","4470":":","4471":"t","4472":"e","4473":"x","4474":"t","4475":"-","4476":"r","4477":"e","4478":"d","4479":"-","4480":"4","4481":"0","4482":"0","4483":" ","4484":"h","4485":"o","4486":"v","4487":"e","4488":"r","4489":":","4490":"t","4491":"e","4492":"x","4493":"t","4494":"-","4495":"r","4496":"e","4497":"d","4498":"-","4499":"8","4500":"0","4501":"0","4502":" ","4503":"d","4504":"a","4505":"r","4506":"k","4507":":","4508":"h","4509":"o","4510":"v","4511":"e","4512":"r","4513":":","4514":"t","4515":"e","4516":"x","4517":"t","4518":"-","4519":"r","4520":"e","4521":"d","4522":"-","4523":"3","4524":"0","4525":"0","4526":" ","4527":"t","4528":"r","4529":"a","4530":"n","4531":"s","4532":"i","4533":"t","4534":"i","4535":"o","4536":"n","4537":"-","4538":"c","4539":"o","4540":"l","4541":"o","4542":"r","4543":"s","4544":"\\","4545":"\"","4546":"\\","4547":"r","4548":"\\","4549":"n","4550":" ","4551":" ","4552":" ","4553":" ","4554":" ","4555":" ","4556":" ","4557":" ","4558":"@","4559":"c","4560":"l","4561":"i","4562":"c","4563":"k","4564":"=","4565":"\\","4566":"\"","4567":"$","4568":"e","4569":"m","4570":"i","4571":"t","4572":"(","4573":"'","4574":"d","4575":"e","4576":"l","4577":"e","4578":"t","4579":"e","4580":"-","4581":"t","4582":"a","4583":"s","4584":"k","4585":"'","4586":",","4587":" ","4588":"t","4589":"a","4590":"s","4591":"k","4592":".","4593":"_","4594":"i","4595":"d","4596":")","4597":"\\","4598":"\"","4599":"\\","4600":"r","4601":"\\","4602":"n","4603":" ","4604":" ","4605":" ","4606":" ","4607":" ","4608":" ","4609":">","4610":"\\","4611":"r","4612":"\\","4613":"n","4614":" ","4615":" ","4616":" ","4617":" ","4618":" ","4619":" ","4620":" ","4621":" ","4622":"D","4623":"e","4624":"l","4625":"e","4626":"t","4627":"e","4628":"\\","4629":"r","4630":"\\","4631":"n","4632":" ","4633":" ","4634":" ","4635":" ","4636":" ","4637":" ","4638":"<","4639":"/","4640":"b","4641":"u","4642":"t","4643":"t","4644":"o","4645":"n","4646":">","4647":"\\","4648":"r","4649":"\\","4650":"n","4651":" ","4652":" ","4653":" ","4654":" ","4655":"<","4656":"/","4657":"d","4658":"i","4659":"v","4660":">","4661":"\\","4662":"r","4663":"\\","4664":"n","4665":" ","4666":" ","4667":"<","4668":"/","4669":"d","4670":"i","4671":"v","4672":">","4673":"\\","4674":"r","4675":"\\","4676":"n","4677":"<","4678":"/","4679":"t","4680":"e","4681":"m","4682":"p","4683":"l","4684":"a","4685":"t","4686":"e","4687":">","4688":"\\","4689":"r","4690":"\\","4691":"n","4692":"\\","4693":"r","4694":"\\","4695":"n","4696":"<","4697":"s","4698":"c","4699":"r","4700":"i","4701":"p","4702":"t","4703":" ","4704":"s","4705":"e","4706":"t","4707":"u","4708":"p","4709":">","4710":"\\","4711":"r","4712":"\\","4713":"n","4714":"i","4715":"m","4716":"p","4717":"o","4718":"r","4719":"t","4720":" ","4721":"{","4722":" ","4723":"c","4724":"o","4725":"m","4726":"p","4727":"u","4728":"t","4729":"e","4730":"d","4731":" ","4732":"}","4733":" ","4734":"f","4735":"r","4736":"o","4737":"m","4738":" ","4739":"'","4740":"v","4741":"u","4742":"e","4743":"'","4744":";","4745":"\\","4746":"r","4747":"\\","4748":"n","4749":"\\","4750":"r","4751":"\\","4752":"n","4753":"c","4754":"o","4755":"n","4756":"s","4757":"t","4758":" ","4759":"p","4760":"r","4761":"o","4762":"p","4763":"s","4764":" ","4765":"=","4766":" ","4767":"d","4768":"e","4769":"f","4770":"i","4771":"n","4772":"e","4773":"P","4774":"r","4775":"o","4776":"p","4777":"s","4778":"(","4779":"{","4780":"\\","4781":"r","4782":"\\","4783":"n","4784":" ","4785":" ","4786":"t","4787":"a","4788":"s","4789":"k","4790":":","4791":" ","4792":"{","4793":"\\","4794":"r","4795":"\\","4796":"n","4797":" ","4798":" ","4799":" ","4800":" ","4801":"t","4802":"y","4803":"p","4804":"e","4805":":","4806":" ","4807":"O","4808":"b","4809":"j","4810":"e","4811":"c","4812":"t","4813":",","4814":"\\","4815":"r","4816":"\\","4817":"n","4818":" ","4819":" ","4820":" ","4821":" ","4822":"r","4823":"e","4824":"q","4825":"u","4826":"i","4827":"r","4828":"e","4829":"d","4830":":","4831":" ","4832":"t","4833":"r","4834":"u","4835":"e","4836":",","4837":"\\","4838":"r","4839":"\\","4840":"n","4841":" ","4842":" ","4843":"}","4844":",","4845":"\\","4846":"r","4847":"\\","4848":"n","4849":"}","4850":")","4851":";","4852":"\\","4853":"r","4854":"\\","4855":"n","4856":"\\","4857":"r","4858":"\\","4859":"n","4860":"c","4861":"o","4862":"n","4863":"s","4864":"t","4865":" ","4866":"e","4867":"m","4868":"i","4869":"t","4870":" ","4871":"=","4872":" ","4873":"d","4874":"e","4875":"f","4876":"i","4877":"n","4878":"e","4879":"E","4880":"m","4881":"i","4882":"t","4883":"s","4884":"(","4885":"[","4886":"'","4887":"e","4888":"d","4889":"i","4890":"t","4891":"-","4892":"t","4893":"a","4894":"s","4895":"k","4896":"'","4897":",","4898":" ","4899":"'","4900":"d","4901":"e","4902":"l","4903":"e","4904":"t","4905":"e","4906":"-","4907":"t","4908":"a","4909":"s","4910":"k","4911":"'","4912":",","4913":" ","4914":"'","4915":"t","4916":"o","4917":"g","4918":"g","4919":"l","4920":"e","4921":"-","4922":"s","4923":"t","4924":"a","4925":"t","4926":"u","4927":"s","4928":"'","4929":"]","4930":")","4931":";","4932":"\\","4933":"r","4934":"\\","4935":"n","4936":"\\","4937":"r","4938":"\\","4939":"n","4940":"c","4941":"o","4942":"n","4943":"s","4944":"t","4945":" ","4946":"f","4947":"o","4948":"r","4949":"m","4950":"a","4951":"t","4952":"D","4953":"a","4954":"t","4955":"e","4956":" ","4957":"=","4958":" ","4959":"(","4960":"d","4961":"a","4962":"t","4963":"e","4964":"S","4965":"t","4966":"r","4967":"i","4968":"n","4969":"g","4970":")","4971":" ","4972":"=","4973":">","4974":" ","4975":"{","4976":"\\","4977":"r","4978":"\\","4979":"n","4980":" ","4981":" ","4982":"i","4983":"f","4984":" ","4985":"(","4986":"!","4987":"d","4988":"a","4989":"t","4990":"e","4991":"S","4992":"t","4993":"r","4994":"i","4995":"n","4996":"g","4997":")","4998":" ","4999":"r","5000":"e","5001":"t","5002":"u","5003":"r","5004":"n","5005":" ","5006":"'","5007":"'","5008":";","5009":"\\","5010":"r","5011":"\\","5012":"n","5013":" ","5014":" ","5015":"c","5016":"o","5017":"n","5018":"s","5019":"t","5020":" ","5021":"d","5022":"a","5023":"t","5024":"e","5025":" ","5026":"=","5027":" ","5028":"n","5029":"e","5030":"w","5031":" ","5032":"D","5033":"a","5034":"t","5035":"e","5036":"(","5037":"d","5038":"a","5039":"t","5040":"e","5041":"S","5042":"t","5043":"r","5044":"i","5045":"n","5046":"g","5047":")","5048":";","5049":"\\","5050":"r","5051":"\\","5052":"n","5053":" ","5054":" ","5055":"i","5056":"f","5057":" ","5058":"(","5059":"i","5060":"s","5061":"N","5062":"a","5063":"N","5064":"(","5065":"d","5066":"a","5067":"t","5068":"e","5069":".","5070":"g","5071":"e","5072":"t","5073":"T","5074":"i","5075":"m","5076":"e","5077":"(","5078":")","5079":")","5080":")","5081":" ","5082":"{","5083":"\\","5084":"r","5085":"\\","5086":"n","5087":" ","5088":" ","5089":" ","5090":" ","5091":"r","5092":"e","5093":"t","5094":"u","5095":"r","5096":"n","5097":" ","5098":"'","5099":"'","5100":";","5101":"\\","5102":"r","5103":"\\","5104":"n","5105":" ","5106":" ","5107":"}","5108":"\\","5109":"r","5110":"\\","5111":"n","5112":" ","5113":" ","5114":"c","5115":"o","5116":"n","5117":"s","5118":"t","5119":" ","5120":"o","5121":"p","5122":"t","5123":"i","5124":"o","5125":"n","5126":"s","5127":" ","5128":"=","5129":" ","5130":"{","5131":" ","5132":"y","5133":"e","5134":"a","5135":"r","5136":":","5137":" ","5138":"'","5139":"n","5140":"u","5141":"m","5142":"e","5143":"r","5144":"i","5145":"c","5146":"'","5147":",","5148":" ","5149":"m","5150":"o","5151":"n","5152":"t","5153":"h","5154":":","5155":" ","5156":"'","5157":"s","5158":"h","5159":"o","5160":"r","5161":"t","5162":"'","5163":",","5164":" ","5165":"d","5166":"a","5167":"y","5168":":","5169":" ","5170":"'","5171":"n","5172":"u","5173":"m","5174":"e","5175":"r","5176":"i","5177":"c","5178":"'","5179":" ","5180":"}","5181":";","5182":"\\","5183":"r","5184":"\\","5185":"n","5186":" ","5187":" ","5188":"r","5189":"e","5190":"t","5191":"u","5192":"r","5193":"n","5194":" ","5195":"d","5196":"a","5197":"t","5198":"e","5199":".","5200":"t","5201":"o","5202":"L","5203":"o","5204":"c","5205":"a","5206":"l","5207":"e","5208":"D","5209":"a","5210":"t","5211":"e","5212":"S","5213":"t","5214":"r","5215":"i","5216":"n","5217":"g","5218":"(","5219":"u","5220":"n","5221":"d","5222":"e","5223":"f","5224":"i","5225":"n","5226":"e","5227":"d","5228":",","5229":" ","5230":"o","5231":"p","5232":"t","5233":"i","5234":"o","5235":"n","5236":"s","5237":")","5238":";","5239":"\\","5240":"r","5241":"\\","5242":"n","5243":"}","5244":";","5245":"\\","5246":"r","5247":"\\","5248":"n","5249":"\\","5250":"r","5251":"\\","5252":"n","5253":"/","5254":"/","5255":" ","5256":"T","5257":"h","5258":"i","5259":"s","5260":" ","5261":"c","5262":"o","5263":"m","5264":"p","5265":"u","5266":"t","5267":"e","5268":"d","5269":" ","5270":"p","5271":"r","5272":"o","5273":"p","5274":"e","5275":"r","5276":"t","5277":"y","5278":" ","5279":"i","5280":"s","5281":" ","5282":"n","5283":"o","5284":"t","5285":" ","5286":"u","5287":"s","5288":"e","5289":"d","5290":" ","5291":"i","5292":"n","5293":" ","5294":"t","5295":"h","5296":"e","5297":" ","5298":"t","5299":"e","5300":"m","5301":"p","5302":"l","5303":"a","5304":"t","5305":"e","5306":",","5307":" ","5308":"b","5309":"u","5310":"t","5311":" ","5312":"i","5313":"t","5314":"'","5315":"s","5316":" ","5317":"f","5318":"i","5319":"n","5320":"e","5321":" ","5322":"t","5323":"o","5324":" ","5325":"k","5326":"e","5327":"e","5328":"p","5329":" ","5330":"i","5331":"t","5332":".","5333":"\\","5334":"r","5335":"\\","5336":"n","5337":"/","5338":"/","5339":" ","5340":"T","5341":"h","5342":"e","5343":" ","5344":"t","5345":"e","5346":"s","5347":"t","5348":" ","5349":"n","5350":"o","5351":"w","5352":" ","5353":"c","5354":"h","5355":"e","5356":"c","5357":"k","5358":"s","5359":" ","5360":"f","5361":"o","5362":"r","5363":" ","5364":"t","5365":"h","5366":"e","5367":" ","5368":"'","5369":"l","5370":"i","5371":"n","5372":"e","5373":"-","5374":"t","5375":"h","5376":"r","5377":"o","5378":"u","5379":"g","5380":"h","5381":"'","5382":" ","5383":"c","5384":"l","5385":"a","5386":"s","5387":"s","5388":" ","5389":"d","5390":"i","5391":"r","5392":"e","5393":"c","5394":"t","5395":"l","5396":"y","5397":" ","5398":"o","5399":"n","5400":" ","5401":"t","5402":"h","5403":"e","5404":" ","5405":"t","5406":"i","5407":"t","5408":"l","5409":"e","5410":" ","5411":"e","5412":"l","5413":"e","5414":"m","5415":"e","5416":"n","5417":"t","5418":".","5419":"\\","5420":"r","5421":"\\","5422":"n","5423":"c","5424":"o","5425":"n","5426":"s","5427":"t","5428":" ","5429":"t","5430":"a","5431":"s","5432":"k","5433":"C","5434":"l","5435":"a","5436":"s","5437":"s","5438":"e","5439":"s","5440":" ","5441":"=","5442":" ","5443":"c","5444":"o","5445":"m","5446":"p","5447":"u","5448":"t","5449":"e","5450":"d","5451":"(","5452":"(","5453":")","5454":" ","5455":"=","5456":">","5457":" ","5458":"(","5459":"{","5460":"\\","5461":"r","5462":"\\","5463":"n","5464":" ","5465":" ","5466":"'","5467":"l","5468":"i","5469":"n","5470":"e","5471":"-","5472":"t","5473":"h","5474":"r","5475":"o","5476":"u","5477":"g","5478":"h","5479":" ","5480":"t","5481":"e","5482":"x","5483":"t","5484":"-","5485":"s","5486":"l","5487":"a","5488":"t","5489":"e","5490":"-","5491":"5","5492":"0","5493":"0","5494":"'","5495":":","5496":" ","5497":"p","5498":"r","5499":"o","5500":"p","5501":"s","5502":".","5503":"t","5504":"a","5505":"s","5506":"k","5507":".","5508":"s","5509":"t","5510":"a","5511":"t","5512":"u","5513":"s","5514":" ","5515":"=","5516":"=","5517":"=","5518":" ","5519":"'","5520":"c","5521":"o","5522":"m","5523":"p","5524":"l","5525":"e","5526":"t","5527":"e","5528":"d","5529":"'","5530":",","5531":"\\","5532":"r","5533":"\\","5534":"n","5535":"}","5536":")","5537":")","5538":";","5539":"\\","5540":"r","5541":"\\","5542":"n","5543":"<","5544":"/","5545":"s","5546":"c","5547":"r","5548":"i","5549":"p","5550":"t","5551":">","5552":"\"","5553":"]","5554":"}"},"_coverageSchema":"1a1c01bbd47fc00a2c39e90264f33305004495a9","hash":"95b853e036add7c75f3cf14dfb4aa9b9c3a25da3"}
,"C:\\Users\\HomePC\\TaskForgeProject\\task-manager-frontend\\src\\stores\\tasks.js": {"path":"C:\\Users\\HomePC\\TaskForgeProject\\task-manager-frontend\\src\\stores\\tasks.js","statementMap":{"0":{"start":{"line":8,"column":16},"end":{"line":8,"column":28}},"1":{"start":{"line":10,"column":29},"end":{"line":142,"column":2}},"2":{"start":{"line":11,"column":16},"end":{"line":15,"column":3}},"3":{"start":{"line":19,"column":24},"end":{"line":19,"column":38}},"4":{"start":{"line":20,"column":20},"end":{"line":20,"column":30}},"5":{"start":{"line":22,"column":6},"end":{"line":25,"column":7}},"6":{"start":{"line":23,"column":8},"end":{"line":23,"column":57}},"7":{"start":{"line":24,"column":8},"end":{"line":24,"column":21}},"8":{"start":{"line":27,"column":6},"end":{"line":27,"column":26}},"9":{"start":{"line":28,"column":6},"end":{"line":28,"column":24}},"10":{"start":{"line":30,"column":6},"end":{"line":49,"column":7}},"11":{"start":{"line":31,"column":25},"end":{"line":33,"column":10}},"12":{"start":{"line":34,"column":8},"end":{"line":34,"column":35}},"13":{"start":{"line":35,"column":8},"end":{"line":35,"column":20}},"14":{"start":{"line":38,"column":8},"end":{"line":45,"column":9}},"15":{"start":{"line":40,"column":10},"end":{"line":43,"column":37}},"16":{"start":{"line":44,"column":10},"end":{"line":44,"column":34}},"17":{"start":{"line":46,"column":8},"end":{"line":46,"column":21}},"18":{"start":{"line":48,"column":8},"end":{"line":48,"column":29}},"19":{"start":{"line":54,"column":24},"end":{"line":54,"column":38}},"20":{"start":{"line":55,"column":20},"end":{"line":55,"column":30}},"21":{"start":{"line":57,"column":6},"end":{"line":60,"column":7}},"22":{"start":{"line":58,"column":8},"end":{"line":58,"column":57}},"23":{"start":{"line":59,"column":8},"end":{"line":59,"column":21}},"24":{"start":{"line":62,"column":6},"end":{"line":62,"column":26}},"25":{"start":{"line":63,"column":6},"end":{"line":63,"column":24}},"26":{"start":{"line":65,"column":6},"end":{"line":78,"column":7}},"27":{"start":{"line":66,"column":25},"end":{"line":66,"column":60}},"28":{"start":{"line":67,"column":8},"end":{"line":67,"column":42}},"29":{"start":{"line":68,"column":8},"end":{"line":68,"column":50}},"30":{"start":{"line":69,"column":8},"end":{"line":69,"column":20}},"31":{"start":{"line":71,"column":8},"end":{"line":74,"column":9}},"32":{"start":{"line":72,"column":10},"end":{"line":72,"column":76}},"33":{"start":{"line":73,"column":10},"end":{"line":73,"column":34}},"34":{"start":{"line":75,"column":8},"end":{"line":75,"column":21}},"35":{"start":{"line":77,"column":8},"end":{"line":77,"column":29}},"36":{"start":{"line":83,"column":24},"end":{"line":83,"column":38}},"37":{"start":{"line":84,"column":20},"end":{"line":84,"column":30}},"38":{"start":{"line":86,"column":6},"end":{"line":89,"column":7}},"39":{"start":{"line":87,"column":8},"end":{"line":87,"column":57}},"40":{"start":{"line":88,"column":8},"end":{"line":88,"column":21}},"41":{"start":{"line":91,"column":6},"end":{"line":91,"column":26}},"42":{"start":{"line":92,"column":6},"end":{"line":92,"column":24}},"43":{"start":{"line":94,"column":6},"end":{"line":110,"column":7}},"44":{"start":{"line":95,"column":25},"end":{"line":95,"column":77}},"45":{"start":{"line":96,"column":22},"end":{"line":96,"column":73}},"46":{"start":{"line":96,"column":53},"end":{"line":96,"column":72}},"47":{"start":{"line":97,"column":8},"end":{"line":99,"column":9}},"48":{"start":{"line":98,"column":10},"end":{"line":98,"column":44}},"49":{"start":{"line":100,"column":8},"end":{"line":100,"column":52}},"50":{"start":{"line":101,"column":8},"end":{"line":101,"column":20}},"51":{"start":{"line":103,"column":8},"end":{"line":106,"column":9}},"52":{"start":{"line":104,"column":10},"end":{"line":104,"column":79}},"53":{"start":{"line":105,"column":10},"end":{"line":105,"column":34}},"54":{"start":{"line":107,"column":8},"end":{"line":107,"column":21}},"55":{"start":{"line":109,"column":8},"end":{"line":109,"column":29}},"56":{"start":{"line":115,"column":24},"end":{"line":115,"column":38}},"57":{"start":{"line":116,"column":20},"end":{"line":116,"column":30}},"58":{"start":{"line":118,"column":6},"end":{"line":121,"column":7}},"59":{"start":{"line":119,"column":8},"end":{"line":119,"column":57}},"60":{"start":{"line":120,"column":8},"end":{"line":120,"column":21}},"61":{"start":{"line":123,"column":6},"end":{"line":123,"column":26}},"62":{"start":{"line":124,"column":6},"end":{"line":124,"column":24}},"63":{"start":{"line":126,"column":6},"end":{"line":139,"column":7}},"64":{"start":{"line":127,"column":8},"end":{"line":127,"column":51}},"65":{"start":{"line":128,"column":8},"end":{"line":128,"column":70}},"66":{"start":{"line":128,"column":49},"end":{"line":128,"column":68}},"67":{"start":{"line":129,"column":8},"end":{"line":129,"column":52}},"68":{"start":{"line":130,"column":8},"end":{"line":130,"column":20}},"69":{"start":{"line":132,"column":8},"end":{"line":135,"column":9}},"70":{"start":{"line":133,"column":10},"end":{"line":133,"column":79}},"71":{"start":{"line":134,"column":10},"end":{"line":134,"column":34}},"72":{"start":{"line":136,"column":8},"end":{"line":136,"column":21}},"73":{"start":{"line":138,"column":8},"end":{"line":138,"column":29}}},"fnMap":{"0":{"name":"(anonymous_0)","decl":{"start":{"line":11,"column":9},"end":{"line":11,"column":10}},"loc":{"start":{"line":11,"column":16},"end":{"line":15,"column":3}},"line":11},"1":{"name":"(anonymous_1)","decl":{"start":{"line":18,"column":4},"end":{"line":18,"column":5}},"loc":{"start":{"line":18,"column":35},"end":{"line":50,"column":5}},"line":18},"2":{"name":"(anonymous_2)","decl":{"start":{"line":53,"column":4},"end":{"line":53,"column":5}},"loc":{"start":{"line":53,"column":31},"end":{"line":79,"column":5}},"line":53},"3":{"name":"(anonymous_3)","decl":{"start":{"line":82,"column":4},"end":{"line":82,"column":5}},"loc":{"start":{"line":82,"column":42},"end":{"line":111,"column":5}},"line":82},"4":{"name":"(anonymous_4)","decl":{"start":{"line":96,"column":43},"end":{"line":96,"column":44}},"loc":{"start":{"line":96,"column":53},"end":{"line":96,"column":72}},"line":96},"5":{"name":"(anonymous_5)","decl":{"start":{"line":114,"column":4},"end":{"line":114,"column":5}},"loc":{"start":{"line":114,"column":29},"end":{"line":140,"column":5}},"line":114},"6":{"name":"(anonymous_6)","decl":{"start":{"line":128,"column":39},"end":{"line":128,"column":40}},"loc":{"start":{"line":128,"column":49},"end":{"line":128,"column":68}},"line":128}},"branchMap":{"0":{"loc":{"start":{"line":18,"column":21},"end":{"line":18,"column":33}},"type":"default-arg","locations":[{"start":{"line":18,"column":31},"end":{"line":18,"column":33}}],"line":18},"1":{"loc":{"start":{"line":22,"column":6},"end":{"line":25,"column":7}},"type":"if","locations":[{"start":{"line":22,"column":6},"end":{"line":25,"column":7}},{"start":{},"end":{}}],"line":22},"2":{"loc":{"start":{"line":38,"column":8},"end":{"line":45,"column":9}},"type":"if","locations":[{"start":{"line":38,"column":8},"end":{"line":45,"column":9}},{"start":{},"end":{}}],"line":38},"3":{"loc":{"start":{"line":41,"column":12},"end":{"line":43,"column":36}},"type":"binary-expr","locations":[{"start":{"line":41,"column":12},"end":{"line":41,"column":39}},{"start":{"line":42,"column":12},"end":{"line":42,"column":23}},{"start":{"line":43,"column":12},"end":{"line":43,"column":36}}],"line":41},"4":{"loc":{"start":{"line":57,"column":6},"end":{"line":60,"column":7}},"type":"if","locations":[{"start":{"line":57,"column":6},"end":{"line":60,"column":7}},{"start":{},"end":{}}],"line":57},"5":{"loc":{"start":{"line":71,"column":8},"end":{"line":74,"column":9}},"type":"if","locations":[{"start":{"line":71,"column":8},"end":{"line":74,"column":9}},{"start":{},"end":{}}],"line":71},"6":{"loc":{"start":{"line":72,"column":23},"end":{"line":72,"column":75}},"type":"binary-expr","locations":[{"start":{"line":72,"column":23},"end":{"line":72,"column":50}},{"start":{"line":72,"column":54},"end":{"line":72,"column":75}}],"line":72},"7":{"loc":{"start":{"line":86,"column":6},"end":{"line":89,"column":7}},"type":"if","locations":[{"start":{"line":86,"column":6},"end":{"line":89,"column":7}},{"start":{},"end":{}}],"line":86},"8":{"loc":{"start":{"line":97,"column":8},"end":{"line":99,"column":9}},"type":"if","locations":[{"start":{"line":97,"column":8},"end":{"line":99,"column":9}},{"start":{},"end":{}}],"line":97},"9":{"loc":{"start":{"line":103,"column":8},"end":{"line":106,"column":9}},"type":"if","locations":[{"start":{"line":103,"column":8},"end":{"line":106,"column":9}},{"start":{},"end":{}}],"line":103},"10":{"loc":{"start":{"line":104,"column":23},"end":{"line":104,"column":78}},"type":"binary-expr","locations":[{"start":{"line":104,"column":23},"end":{"line":104,"column":50}},{"start":{"line":104,"column":54},"end":{"line":104,"column":78}}],"line":104},"11":{"loc":{"start":{"line":118,"column":6},"end":{"line":121,"column":7}},"type":"if","locations":[{"start":{"line":118,"column":6},"end":{"line":121,"column":7}},{"start":{},"end":{}}],"line":118},"12":{"loc":{"start":{"line":132,"column":8},"end":{"line":135,"column":9}},"type":"if","locations":[{"start":{"line":132,"column":8},"end":{"line":135,"column":9}},{"start":{},"end":{}}],"line":132},"13":{"loc":{"start":{"line":133,"column":23},"end":{"line":133,"column":78}},"type":"binary-expr","locations":[{"start":{"line":133,"column":23},"end":{"line":133,"column":50}},{"start":{"line":133,"column":54},"end":{"line":133,"column":78}}],"line":133}},"s":{"0":1,"1":1,"2":3,"3":2,"4":2,"5":2,"6":0,"7":0,"8":2,"9":2,"10":2,"11":2,"12":1,"13":1,"14":1,"15":1,"16":1,"17":1,"18":2,"19":1,"20":1,"21":1,"22":0,"23":0,"24":1,"25":1,"26":1,"27":1,"28":1,"29":1,"30":1,"31":0,"32":0,"33":0,"34":0,"35":1,"36":0,"37":0,"38":0,"39":0,"40":0,"41":0,"42":0,"43":0,"44":0,"45":0,"46":0,"47":0,"48":0,"49":0,"50":0,"51":0,"52":0,"53":0,"54":0,"55":0,"56":0,"57":0,"58":0,"59":0,"60":0,"61":0,"62":0,"63":0,"64":0,"65":0,"66":0,"67":0,"68":0,"69":0,"70":0,"71":0,"72":0,"73":0},"f":{"0":3,"1":2,"2":1,"3":0,"4":0,"5":0,"6":0},"b":{"0":[2],"1":[0,2],"2":[1,0],"3":[1,1,0],"4":[0,1],"5":[0,0],"6":[0,0],"7":[0,0],"8":[0,0],"9":[0,0],"10":[0,0],"11":[0,0],"12":[0,0],"13":[0,0]},"_coverageSchema":"1a1c01bbd47fc00a2c39e90264f33305004495a9","hash":"90cb55831f997d4f41540efc97a6efde73751582"}
}
