TN:
SF:src\components\TaskItem.vue
FN:17,setup
FN:23,formatDate
FN:39,(anonymous_2)
FN:87,render
FN:109,(anonymous_4)
FN:115,(anonymous_5)
FN:120,(anonymous_6)
FN:126,(anonymous_7)
FNF:8
FNH:3
FNDA:3,setup
FNDA:0,formatDate
FNDA:0,(anonymous_2)
FNDA:3,render
FNDA:0,(anonymous_4)
FNDA:0,(anonymous_5)
FNDA:0,(anonymous_6)
FNDA:1,(anonymous_7)
DA:3,1
DA:6,1
DA:7,1
DA:8,1
DA:18,3
DA:19,3
DA:20,3
DA:21,3
DA:22,3
DA:23,3
DA:24,0
DA:25,0
DA:26,0
DA:27,0
DA:29,0
DA:34,0
DA:39,3
DA:40,0
DA:44,3
DA:51,3
DA:55,3
DA:60,1
DA:63,1
DA:64,1
DA:65,1
DA:68,1
DA:71,1
DA:76,1
DA:80,1
DA:84,1
DA:88,3
DA:110,0
DA:116,0
DA:121,0
DA:127,1
DA:130,1
LF:36
LH:26
BRDA:24,0,0,0
BRDA:24,0,1,0
BRDA:26,1,0,0
BRDA:26,1,1,0
BRDA:94,2,0,1
BRDA:94,2,1,2
BRDA:95,3,0,3
BRDA:95,3,1,0
BRDA:95,4,0,0
BRDA:95,4,1,3
BRDA:95,5,0,0
BRDA:95,5,1,0
BRDA:106,6,0,2
BRDA:106,6,1,1
BRDA:109,7,0,2
BRDA:109,7,1,2
BRDA:115,8,0,1
BRDA:115,8,1,1
BRDA:120,9,0,3
BRDA:120,9,1,3
BRDA:126,10,0,3
BRDA:126,10,1,3
BRF:22
BRH:14
end_of_record
TN:
SF:src\stores\tasks.js
FN:11,(anonymous_0)
FN:18,(anonymous_1)
FN:53,(anonymous_2)
FN:82,(anonymous_3)
FN:96,(anonymous_4)
FN:114,(anonymous_5)
FN:128,(anonymous_6)
FNF:7
FNH:3
FNDA:3,(anonymous_0)
FNDA:2,(anonymous_1)
FNDA:1,(anonymous_2)
FNDA:0,(anonymous_3)
FNDA:0,(anonymous_4)
FNDA:0,(anonymous_5)
FNDA:0,(anonymous_6)
DA:8,1
DA:10,1
DA:11,3
DA:19,2
DA:20,2
DA:22,2
DA:23,0
DA:24,0
DA:27,2
DA:28,2
DA:30,2
DA:31,2
DA:34,1
DA:35,1
DA:38,1
DA:40,1
DA:44,1
DA:46,1
DA:48,2
DA:54,1
DA:55,1
DA:57,1
DA:58,0
DA:59,0
DA:62,1
DA:63,1
DA:65,1
DA:66,1
DA:67,1
DA:68,1
DA:69,1
DA:71,0
DA:72,0
DA:73,0
DA:75,0
DA:77,1
DA:83,0
DA:84,0
DA:86,0
DA:87,0
DA:88,0
DA:91,0
DA:92,0
DA:94,0
DA:95,0
DA:96,0
DA:97,0
DA:98,0
DA:100,0
DA:101,0
DA:103,0
DA:104,0
DA:105,0
DA:107,0
DA:109,0
DA:115,0
DA:116,0
DA:118,0
DA:119,0
DA:120,0
DA:123,0
DA:124,0
DA:126,0
DA:127,0
DA:128,0
DA:129,0
DA:130,0
DA:132,0
DA:133,0
DA:134,0
DA:136,0
DA:138,0
LF:72
LH:28
BRDA:18,0,0,2
BRDA:22,1,0,0
BRDA:22,1,1,2
BRDA:38,2,0,1
BRDA:38,2,1,0
BRDA:41,3,0,1
BRDA:41,3,1,1
BRDA:41,3,2,0
BRDA:57,4,0,0
BRDA:57,4,1,1
BRDA:71,5,0,0
BRDA:71,5,1,0
BRDA:72,6,0,0
BRDA:72,6,1,0
BRDA:86,7,0,0
BRDA:86,7,1,0
BRDA:97,8,0,0
BRDA:97,8,1,0
BRDA:103,9,0,0
BRDA:103,9,1,0
BRDA:104,10,0,0
BRDA:104,10,1,0
BRDA:118,11,0,0
BRDA:118,11,1,0
BRDA:132,12,0,0
BRDA:132,12,1,0
BRDA:133,13,0,0
BRDA:133,13,1,0
BRF:28
BRH:6
end_of_record
